Using pre-set license
Built from '2020.3/staging' branch; Version is '2020.3.0f1 (c7b5465681fb) revision 13088070'; Using compiler version '192528614'; Build Type 'Release'
OS: 'Windows 10 Pro; OS build 19042.928; Version 2009; 64bit' Language: 'en' Physical Memory: 16108 MB
BatchMode: 1, IsHumanControllingUs: 0, StartBugReporterOnCrash: 0, Is64bit: 1, IsPro: 0

 COMMAND LINE ARGUMENTS:
C:\Program Files\Unity\Hub\Editor\2020.3.0f1\Editor\Unity.exe
-adb2
-batchMode
-noUpm
-name
AssetImportWorker0
-projectPath
C:/Users/Noahj/OneDrive/Documents/School_Programs/GitHub/COEN-Project/COEN-Project
-logFile
Logs/AssetImportWorker0.log
-srvPort
52471
Successfully changed project path to: C:/Users/Noahj/OneDrive/Documents/School_Programs/GitHub/COEN-Project/COEN-Project
C:/Users/Noahj/OneDrive/Documents/School_Programs/GitHub/COEN-Project/COEN-Project
Using Asset Import Pipeline V2.
Refreshing native plugins compatible for Editor in 38.66 ms, found 1 plugins.
Preloading 0 native plugins for Editor in 0.00 ms.
Initialize engine version: 2020.3.0f1 (c7b5465681fb)
[Subsystems] Discovering subsystems at path C:/Program Files/Unity/Hub/Editor/2020.3.0f1/Editor/Data/Resources/UnitySubsystems
[Subsystems] Discovering subsystems at path C:/Users/Noahj/OneDrive/Documents/School_Programs/GitHub/COEN-Project/COEN-Project/Assets
GfxDevice: creating device client; threaded=0
Direct3D:
    Version:  Direct3D 11.0 [level 11.1]
    Renderer: NVIDIA GeForce GTX 1050 Ti with Max-Q Design (ID=0x1c8c)
    Vendor:   
    VRAM:     4021 MB
    Driver:   27.21.14.6109
Initialize mono
Mono path[0] = 'C:/Program Files/Unity/Hub/Editor/2020.3.0f1/Editor/Data/Managed'
Mono path[1] = 'C:/Program Files/Unity/Hub/Editor/2020.3.0f1/Editor/Data/MonoBleedingEdge/lib/mono/unityjit'
Mono config path = 'C:/Program Files/Unity/Hub/Editor/2020.3.0f1/Editor/Data/MonoBleedingEdge/etc'
Using monoOptions --debugger-agent=transport=dt_socket,embedding=1,server=y,suspend=n,address=127.0.0.1:56268
Begin MonoManager ReloadAssembly
Registering precompiled unity dll's ...
Register platform support module: C:/Program Files/Unity/Hub/Editor/2020.3.0f1/Editor/Data/PlaybackEngines/WindowsStandaloneSupport/UnityEditor.WindowsStandalone.Extensions.dll
Registered in 0.002791 seconds.
Native extension for WindowsStandalone target not found
Refreshing native plugins compatible for Editor in 39.61 ms, found 1 plugins.
Preloading 0 native plugins for Editor in 0.00 ms.
Invoked RoslynAnalysisRunner static constructor.
RoslynAnalysisRunner will not be running.
RoslynAnalysisRunner has terminated.
Mono: successfully reloaded assembly
- Completed reload, in  1.207 seconds
Platform modules already initialized, skipping
Registering precompiled user dll's ...
Registered in 0.001445 seconds.
Begin MonoManager ReloadAssembly
Native extension for WindowsStandalone target not found
Refreshing native plugins compatible for Editor in 40.40 ms, found 1 plugins.
Preloading 0 native plugins for Editor in 0.00 ms.
Invoked RoslynAnalysisRunner static constructor.
RoslynAnalysisRunner will not be running.
RoslynAnalysisRunner has terminated.
Mono: successfully reloaded assembly
- Completed reload, in  0.966 seconds
Platform modules already initialized, skipping
========================================================================
Worker process is ready to serve import requests
Launched and connected shader compiler UnityShaderCompiler.exe after 0.07 seconds
Refreshing native plugins compatible for Editor in 0.52 ms, found 1 plugins.
Preloading 0 native plugins for Editor in 0.00 ms.
Unloading 1963 Unused Serialized files (Serialized files now loaded: 0)
System memory in use before: 90.5 MB.
System memory in use after: 90.6 MB.

Unloading 20 unused Assets to reduce memory usage. Loaded Objects now: 2412.
Total: 2.743200 ms (FindLiveObjects: 0.401600 ms CreateObjectMapping: 0.116800 ms MarkObjects: 2.106400 ms  DeleteObjects: 0.117300 ms)

========================================================================
Received Prepare
Refreshing native plugins compatible for Editor in 2.47 ms, found 1 plugins.
Preloading 0 native plugins for Editor in 0.00 ms.
Unloading 6 Unused Serialized files (Serialized files now loaded: 0)
System memory in use before: 50.7 MB.
System memory in use after: 50.8 MB.

Unloading 5 unused Assets to reduce memory usage. Loaded Objects now: 2412.
Total: 3.239900 ms (FindLiveObjects: 0.205000 ms CreateObjectMapping: 0.081600 ms MarkObjects: 2.932100 ms  DeleteObjects: 0.019500 ms)

========================================================================
Received Import Request.
  path: Assets/Scenes/BlankLevel.unity
  artifactKey: Guid(89907a7fab0d00d41914db614f7315c3) Importer(815301076,1909f56bfc062723c751e8b465ee728b)
Start importing Assets/Scenes/BlankLevel.unity using Guid(89907a7fab0d00d41914db614f7315c3) Importer(815301076,1909f56bfc062723c751e8b465ee728b)  -> (artifact id: '70880776f4b66abf38dc981ac7c9a62c') in 0.013484 seconds
  Import took 0.018830 seconds .

========================================================================
Received Import Request.
  Time since last request: 0.024920 seconds.
  path: Assets/Scenes/TutorialLevel.unity
  artifactKey: Guid(c280d506ecd308a4599a8c438fbcaff7) Importer(815301076,1909f56bfc062723c751e8b465ee728b)
Start importing Assets/Scenes/TutorialLevel.unity using Guid(c280d506ecd308a4599a8c438fbcaff7) Importer(815301076,1909f56bfc062723c751e8b465ee728b)  -> (artifact id: '0f51cb476b43eac08458f1efcff7de08') in 0.005475 seconds
  Import took 0.011916 seconds .

========================================================================
Received Import Request.
  Time since last request: 0.000869 seconds.
  path: Assets/Scenes/TutorialLevel.unity
  artifactKey: Guid(c280d506ecd308a4599a8c438fbcaff7) Importer(815301076,1909f56bfc062723c751e8b465ee728b)
Start importing Assets/Scenes/TutorialLevel.unity using Guid(c280d506ecd308a4599a8c438fbcaff7) Importer(815301076,1909f56bfc062723c751e8b465ee728b)  -> (artifact id: '0f51cb476b43eac08458f1efcff7de08') in 0.005588 seconds
  Import took 0.011003 seconds .

========================================================================
Received Import Request.
  Time since last request: 276.494232 seconds.
  path: Assets/Scenes/Mario1-1.unity
  artifactKey: Guid(850740a437910ae4c9073e1a428ff089) Importer(815301076,1909f56bfc062723c751e8b465ee728b)
Start importing Assets/Scenes/Mario1-1.unity using Guid(850740a437910ae4c9073e1a428ff089) Importer(815301076,1909f56bfc062723c751e8b465ee728b)  -> (artifact id: 'f39c50d15244791b41f1ac58d3bd9f3c') in 0.005396 seconds
  Import took 0.011761 seconds .

========================================================================
Received Import Request.
  Time since last request: 152.411383 seconds.
  path: Assets/Prefabs/AmmoPickup.prefab
  artifactKey: Guid(a7b75149b4c2e944c989dcd2b6f28130) Importer(815301076,1909f56bfc062723c751e8b465ee728b)
Start importing Assets/Prefabs/AmmoPickup.prefab using Guid(a7b75149b4c2e944c989dcd2b6f28130) Importer(815301076,1909f56bfc062723c751e8b465ee728b)  -> (artifact id: 'b53d8fc9f6ebba3cc886dd9b822c3053') in 0.103192 seconds
  Import took 0.108422 seconds .

========================================================================
Received Import Request.
  Time since last request: 0.000215 seconds.
  path: Assets/Prefabs/Platform2_1.prefab
  artifactKey: Guid(268df2df7c4c01640bd568ea08611fba) Importer(815301076,1909f56bfc062723c751e8b465ee728b)
Start importing Assets/Prefabs/Platform2_1.prefab using Guid(268df2df7c4c01640bd568ea08611fba) Importer(815301076,1909f56bfc062723c751e8b465ee728b)  -> (artifact id: '533a7885b3b29fec6bcd4783b9edb248') in 0.011100 seconds
  Import took 0.017118 seconds .

========================================================================
Received Import Request.
  Time since last request: 0.000278 seconds.
  path: Assets/Prefabs/Ground_1.prefab
  artifactKey: Guid(90ccbfee56ee5074ea73ae1305d0c90d) Importer(815301076,1909f56bfc062723c751e8b465ee728b)
Start importing Assets/Prefabs/Ground_1.prefab using Guid(90ccbfee56ee5074ea73ae1305d0c90d) Importer(815301076,1909f56bfc062723c751e8b465ee728b)  -> (artifact id: '2b081344ce79ef299bdb070b221205e8') in 0.013251 seconds
  Import took 0.018793 seconds .

========================================================================
Received Import Request.
  Time since last request: 0.000318 seconds.
  path: Assets/Prefabs/Ground_0.prefab
  artifactKey: Guid(f391cd2dfafdd724fbda99d34c961c6d) Importer(815301076,1909f56bfc062723c751e8b465ee728b)
Start importing Assets/Prefabs/Ground_0.prefab using Guid(f391cd2dfafdd724fbda99d34c961c6d) Importer(815301076,1909f56bfc062723c751e8b465ee728b)  -> (artifact id: '3bead89cdf3d9e88fe945729507769b3') in 0.013100 seconds
  Import took 0.020029 seconds .

========================================================================
Received Import Request.
  Time since last request: 0.000271 seconds.
  path: Assets/Prefabs/Player Variant.prefab
  artifactKey: Guid(3edd4783a8ae6d04cad6582d9edcb679) Importer(815301076,1909f56bfc062723c751e8b465ee728b)
Start importing Assets/Prefabs/Player Variant.prefab using Guid(3edd4783a8ae6d04cad6582d9edcb679) Importer(815301076,1909f56bfc062723c751e8b465ee728b)  -> (artifact id: '172a4750f9825d6837be0f4148f1c405') in 0.020290 seconds
  Import took 0.027529 seconds .

========================================================================
Received Import Request.
  Time since last request: 0.000262 seconds.
  path: Assets/Prefabs/Fallthrough.prefab
  artifactKey: Guid(a2894ce354967b94bade196201f526b0) Importer(815301076,1909f56bfc062723c751e8b465ee728b)
Start importing Assets/Prefabs/Fallthrough.prefab using Guid(a2894ce354967b94bade196201f526b0) Importer(815301076,1909f56bfc062723c751e8b465ee728b)  -> (artifact id: '568a37404fdeb8b151bb947929a28785') in 0.013859 seconds
  Import took 0.019559 seconds .

========================================================================
Received Import Request.
  Time since last request: 0.000284 seconds.
  path: Assets/Prefabs/Bullet.prefab
  artifactKey: Guid(04ee0aa610185524fbe19cd31702e9ca) Importer(815301076,1909f56bfc062723c751e8b465ee728b)
Start importing Assets/Prefabs/Bullet.prefab using Guid(04ee0aa610185524fbe19cd31702e9ca) Importer(815301076,1909f56bfc062723c751e8b465ee728b)  -> (artifact id: '68918c5fd021e2d30a61ca2d5bad3c0d') in 0.012301 seconds
  Import took 0.018171 seconds .

========================================================================
Received Import Request.
  Time since last request: 0.000195 seconds.
  path: Assets/Prefabs/Ground_2.prefab
  artifactKey: Guid(0ce18d9fc0629c84b9c8574045913a54) Importer(815301076,1909f56bfc062723c751e8b465ee728b)
Start importing Assets/Prefabs/Ground_2.prefab using Guid(0ce18d9fc0629c84b9c8574045913a54) Importer(815301076,1909f56bfc062723c751e8b465ee728b)  -> (artifact id: '5e1eb4fa5ec624005d4e95a1b41315db') in 0.014663 seconds
  Import took 0.020626 seconds .

========================================================================
Received Prepare
Registering precompiled user dll's ...
Registered in 0.001524 seconds.
Begin MonoManager ReloadAssembly
Native extension for WindowsStandalone target not found
Refreshing native plugins compatible for Editor in 0.69 ms, found 1 plugins.
Preloading 0 native plugins for Editor in 0.00 ms.
Invoked RoslynAnalysisRunner static constructor.
RoslynAnalysisRunner will not be running.
RoslynAnalysisRunner has terminated.
Mono: successfully reloaded assembly
- Completed reload, in  1.077 seconds
Platform modules already initialized, skipping
Refreshing native plugins compatible for Editor in 0.37 ms, found 1 plugins.
Preloading 0 native plugins for Editor in 0.00 ms.
Unloading 1952 Unused Serialized files (Serialized files now loaded: 0)
System memory in use before: 93.2 MB.
System memory in use after: 93.3 MB.

Unloading 9 unused Assets to reduce memory usage. Loaded Objects now: 2422.
Total: 4.224300 ms (FindLiveObjects: 0.388800 ms CreateObjectMapping: 0.244200 ms MarkObjects: 3.557000 ms  DeleteObjects: 0.031900 ms)

========================================================================
Received Import Request.
  Time since last request: 383.317997 seconds.
  path: Assets/Sprites/BenchesT.png
  artifactKey: Guid(589dfb3a463b84341abaf8e168ffc2e7) Importer(815301076,1909f56bfc062723c751e8b465ee728b)
Start importing Assets/Sprites/BenchesT.png using Guid(589dfb3a463b84341abaf8e168ffc2e7) Importer(815301076,1909f56bfc062723c751e8b465ee728b)  -> (artifact id: 'e3efd7bd32e6670bbe528ff60960337c') in 0.095559 seconds
  Import took 0.101285 seconds .

========================================================================
Received Import Request.
  Time since last request: 0.000191 seconds.
  path: Assets/Sprites/bulletT.png
  artifactKey: Guid(b524fda4ad18d624780c564cf8ced197) Importer(815301076,1909f56bfc062723c751e8b465ee728b)
Start importing Assets/Sprites/bulletT.png using Guid(b524fda4ad18d624780c564cf8ced197) Importer(815301076,1909f56bfc062723c751e8b465ee728b)  -> (artifact id: 'a49255d1b24e02c6af786a2f0a510cd7') in 0.010937 seconds
  Import took 0.016277 seconds .

========================================================================
Received Import Request.
  Time since last request: 0.000226 seconds.
  path: Assets/Sprites/LampT.png
  artifactKey: Guid(7ed27e34b29b97e49b45556e0b49d84b) Importer(815301076,1909f56bfc062723c751e8b465ee728b)
Start importing Assets/Sprites/LampT.png using Guid(7ed27e34b29b97e49b45556e0b49d84b) Importer(815301076,1909f56bfc062723c751e8b465ee728b)  -> (artifact id: '49079181e09f1f5a3f87e10f76b81451') in 0.013045 seconds
  Import took 0.019424 seconds .

========================================================================
Received Import Request.
  Time since last request: 0.000267 seconds.
  path: Assets/Sprites/ChairGuyT.png
  artifactKey: Guid(317de59347a42424da0c392d55fd9239) Importer(815301076,1909f56bfc062723c751e8b465ee728b)
Start importing Assets/Sprites/ChairGuyT.png using Guid(317de59347a42424da0c392d55fd9239) Importer(815301076,1909f56bfc062723c751e8b465ee728b)  -> (artifact id: 'bca132b4e1c2572181466184480c0724') in 0.026855 seconds
  Import took 0.032641 seconds .

========================================================================
Received Import Request.
  Time since last request: 0.000273 seconds.
  path: Assets/Sprites/bulletSymbolT.png
  artifactKey: Guid(6093b97b84154b246b876ab99e1dd014) Importer(815301076,1909f56bfc062723c751e8b465ee728b)
Start importing Assets/Sprites/bulletSymbolT.png using Guid(6093b97b84154b246b876ab99e1dd014) Importer(815301076,1909f56bfc062723c751e8b465ee728b)  -> (artifact id: '6b2167728d6441ed0cab2f2c073b5123') in 0.014949 seconds
  Import took 0.021191 seconds .

========================================================================
Received Import Request.
  Time since last request: 0.000267 seconds.
  path: Assets/Sprites/Gun.png
  artifactKey: Guid(ed3c98065d94bdd409c60756b134f28f) Importer(815301076,1909f56bfc062723c751e8b465ee728b)
Start importing Assets/Sprites/Gun.png using Guid(ed3c98065d94bdd409c60756b134f28f) Importer(815301076,1909f56bfc062723c751e8b465ee728b)  -> (artifact id: 'e6dff825438809c9d59ffb84cb2a80e0') in 0.022581 seconds
  Import took 0.028643 seconds .

========================================================================
Received Import Request.
  Time since last request: 0.000241 seconds.
  path: Assets/Sprites/New_BackGround (1).png
  artifactKey: Guid(e465cf849d38ca44e96e65f23a2aefa3) Importer(815301076,1909f56bfc062723c751e8b465ee728b)
Start importing Assets/Sprites/New_BackGround (1).png using Guid(e465cf849d38ca44e96e65f23a2aefa3) Importer(815301076,1909f56bfc062723c751e8b465ee728b)  -> (artifact id: 'e509060fcf5bb95df9e3999878bb7c54') in 0.030717 seconds
  Import took 0.036419 seconds .

========================================================================
Received Import Request.
  Time since last request: 0.000349 seconds.
  path: Assets/Sprites/New_BackGround.png
  artifactKey: Guid(7f9474bb72816da4cb3bb26305daab02) Importer(815301076,1909f56bfc062723c751e8b465ee728b)
Start importing Assets/Sprites/New_BackGround.png using Guid(7f9474bb72816da4cb3bb26305daab02) Importer(815301076,1909f56bfc062723c751e8b465ee728b)  -> (artifact id: 'b30ee7a0bb7a6d8985582332a321fc60') in 0.018993 seconds
  Import took 0.025901 seconds .

========================================================================
Received Prepare
Registering precompiled user dll's ...
Registered in 0.001420 seconds.
Begin MonoManager ReloadAssembly
Native extension for WindowsStandalone target not found
Refreshing native plugins compatible for Editor in 0.34 ms, found 1 plugins.
Preloading 0 native plugins for Editor in 0.00 ms.
Invoked RoslynAnalysisRunner static constructor.
RoslynAnalysisRunner will not be running.
RoslynAnalysisRunner has terminated.
Mono: successfully reloaded assembly
- Completed reload, in  0.949 seconds
Platform modules already initialized, skipping
Refreshing native plugins compatible for Editor in 0.35 ms, found 1 plugins.
Preloading 0 native plugins for Editor in 0.00 ms.
Unloading 1952 Unused Serialized files (Serialized files now loaded: 0)
System memory in use before: 93.3 MB.
System memory in use after: 93.4 MB.

Unloading 9 unused Assets to reduce memory usage. Loaded Objects now: 2444.
Total: 2.712900 ms (FindLiveObjects: 0.481800 ms CreateObjectMapping: 0.084800 ms MarkObjects: 2.125300 ms  DeleteObjects: 0.018800 ms)

========================================================================
Received Import Request.
  Time since last request: 88.132171 seconds.
  path: Assets/Scripts/EnemyPatrol.cs
  artifactKey: Guid(7e4e0e4157b888d4c8bd2da9ec4353fe) Importer(815301076,1909f56bfc062723c751e8b465ee728b)
Start importing Assets/Scripts/EnemyPatrol.cs using Guid(7e4e0e4157b888d4c8bd2da9ec4353fe) Importer(815301076,1909f56bfc062723c751e8b465ee728b)  -> (artifact id: '7d15e470412099fc49e675166d97b229') in 0.013922 seconds
  Import took 0.019747 seconds .

========================================================================
Received Prepare
Registering precompiled user dll's ...
Registered in 0.002577 seconds.
Begin MonoManager ReloadAssembly
Native extension for WindowsStandalone target not found
Refreshing native plugins compatible for Editor in 0.37 ms, found 1 plugins.
Preloading 0 native plugins for Editor in 0.00 ms.
Invoked RoslynAnalysisRunner static constructor.
RoslynAnalysisRunner will not be running.
RoslynAnalysisRunner has terminated.
Mono: successfully reloaded assembly
- Completed reload, in  1.008 seconds
Platform modules already initialized, skipping
Refreshing native plugins compatible for Editor in 0.35 ms, found 1 plugins.
Preloading 0 native plugins for Editor in 0.00 ms.
Unloading 1952 Unused Serialized files (Serialized files now loaded: 0)
System memory in use before: 93.3 MB.
System memory in use after: 93.4 MB.

Unloading 9 unused Assets to reduce memory usage. Loaded Objects now: 2447.
Total: 2.364200 ms (FindLiveObjects: 0.329600 ms CreateObjectMapping: 0.112600 ms MarkObjects: 1.904200 ms  DeleteObjects: 0.016700 ms)

========================================================================
Received Import Request.
  Time since last request: 535.656654 seconds.
  path: Assets/Sprites/Trash1T.png
  artifactKey: Guid(0224b01fef3c1bf4ebb894b3f9f26d0f) Importer(815301076,1909f56bfc062723c751e8b465ee728b)
Start importing Assets/Sprites/Trash1T.png using Guid(0224b01fef3c1bf4ebb894b3f9f26d0f) Importer(815301076,1909f56bfc062723c751e8b465ee728b)  -> (artifact id: '00c52766d8549b59b99696df6cccd9ac') in 0.048607 seconds
  Import took 0.054581 seconds .

========================================================================
Received Import Request.
  Time since last request: 0.000277 seconds.
  path: Assets/Sprites/Trash2T.png
  artifactKey: Guid(07b442836a2c00c4e9f6afe2bd41d75b) Importer(815301076,1909f56bfc062723c751e8b465ee728b)
Start importing Assets/Sprites/Trash2T.png using Guid(07b442836a2c00c4e9f6afe2bd41d75b) Importer(815301076,1909f56bfc062723c751e8b465ee728b)  -> (artifact id: 'b1d1894854c2f03a4d9c9bfcab871ca2') in 0.014291 seconds
  Import took 0.020015 seconds .

========================================================================
Received Import Request.
  Time since last request: 237.736037 seconds.
  path: Assets/Prefabs/CardT.prefab
  artifactKey: Guid(264a66a1399c1af4aab8df5f453579c0) Importer(815301076,1909f56bfc062723c751e8b465ee728b)
Start importing Assets/Prefabs/CardT.prefab using Guid(264a66a1399c1af4aab8df5f453579c0) Importer(815301076,1909f56bfc062723c751e8b465ee728b)  -> (artifact id: '06149f6ba368b79ff445a07afdf499d3') in 0.033712 seconds
  Import took 0.040963 seconds .

========================================================================
Received Prepare
Registering precompiled user dll's ...
Registered in 0.002479 seconds.
Begin MonoManager ReloadAssembly
Native extension for WindowsStandalone target not found
Refreshing native plugins compatible for Editor in 0.47 ms, found 1 plugins.
Preloading 0 native plugins for Editor in 0.00 ms.
Invoked RoslynAnalysisRunner static constructor.
RoslynAnalysisRunner will not be running.
RoslynAnalysisRunner has terminated.
Mono: successfully reloaded assembly
- Completed reload, in  1.425 seconds
Platform modules already initialized, skipping
Refreshing native plugins compatible for Editor in 0.89 ms, found 1 plugins.
Preloading 0 native plugins for Editor in 0.00 ms.
Unloading 1952 Unused Serialized files (Serialized files now loaded: 0)
System memory in use before: 93.3 MB.
System memory in use after: 93.4 MB.

Unloading 9 unused Assets to reduce memory usage. Loaded Objects now: 2455.
Total: 2.825800 ms (FindLiveObjects: 0.403500 ms CreateObjectMapping: 0.263800 ms MarkObjects: 2.137400 ms  DeleteObjects: 0.019500 ms)

========================================================================
Received Prepare
Registering precompiled user dll's ...
Registered in 0.001598 seconds.
Begin MonoManager ReloadAssembly
Native extension for WindowsStandalone target not found
Refreshing native plugins compatible for Editor in 0.33 ms, found 1 plugins.
Preloading 0 native plugins for Editor in 0.00 ms.
Invoked RoslynAnalysisRunner static constructor.
RoslynAnalysisRunner will not be running.
RoslynAnalysisRunner has terminated.
Mono: successfully reloaded assembly
- Completed reload, in  0.908 seconds
Platform modules already initialized, skipping
Refreshing native plugins compatible for Editor in 0.33 ms, found 1 plugins.
Preloading 0 native plugins for Editor in 0.00 ms.
Unloading 1952 Unused Serialized files (Serialized files now loaded: 0)
System memory in use before: 93.3 MB.
System memory in use after: 93.5 MB.

Unloading 9 unused Assets to reduce memory usage. Loaded Objects now: 2458.
Total: 2.430800 ms (FindLiveObjects: 0.338100 ms CreateObjectMapping: 0.178800 ms MarkObjects: 1.893700 ms  DeleteObjects: 0.018700 ms)

========================================================================
Received Import Request.
  Time since last request: 214.173314 seconds.
  path: Assets/Scripts/playerDeath.cs
  artifactKey: Guid(104df237e2fe6f44bbdf3922226cdbb5) Importer(815301076,1909f56bfc062723c751e8b465ee728b)
Start importing Assets/Scripts/playerDeath.cs using Guid(104df237e2fe6f44bbdf3922226cdbb5) Importer(815301076,1909f56bfc062723c751e8b465ee728b)  -> (artifact id: '7f6199994c8c447438fe32ea70d88d6b') in 0.006634 seconds
  Import took 0.012208 seconds .

========================================================================
Received Import Request.
  Time since last request: 0.002010 seconds.
  path: Assets/Scripts/playerDeath.cs
  artifactKey: Guid(104df237e2fe6f44bbdf3922226cdbb5) Importer(815301076,1909f56bfc062723c751e8b465ee728b)
Start importing Assets/Scripts/playerDeath.cs using Guid(104df237e2fe6f44bbdf3922226cdbb5) Importer(815301076,1909f56bfc062723c751e8b465ee728b)  -> (artifact id: '7f6199994c8c447438fe32ea70d88d6b') in 0.004053 seconds
  Import took 0.009675 seconds .

========================================================================
Received Prepare
Registering precompiled user dll's ...
Registered in 0.001466 seconds.
Begin MonoManager ReloadAssembly
Native extension for WindowsStandalone target not found
Refreshing native plugins compatible for Editor in 0.36 ms, found 1 plugins.
Preloading 0 native plugins for Editor in 0.00 ms.
Invoked RoslynAnalysisRunner static constructor.
RoslynAnalysisRunner will not be running.
RoslynAnalysisRunner has terminated.
Mono: successfully reloaded assembly
- Completed reload, in  0.924 seconds
Platform modules already initialized, skipping
Refreshing native plugins compatible for Editor in 0.35 ms, found 1 plugins.
Preloading 0 native plugins for Editor in 0.00 ms.
Unloading 1952 Unused Serialized files (Serialized files now loaded: 0)
System memory in use before: 93.4 MB.
System memory in use after: 93.5 MB.

Unloading 9 unused Assets to reduce memory usage. Loaded Objects now: 2461.
Total: 2.482500 ms (FindLiveObjects: 0.262300 ms CreateObjectMapping: 0.110900 ms MarkObjects: 2.090700 ms  DeleteObjects: 0.017400 ms)

========================================================================
Received Prepare
Registering precompiled user dll's ...
Registered in 0.001702 seconds.
Begin MonoManager ReloadAssembly
Native extension for WindowsStandalone target not found
Refreshing native plugins compatible for Editor in 0.57 ms, found 1 plugins.
Preloading 0 native plugins for Editor in 0.00 ms.
Invoked RoslynAnalysisRunner static constructor.
RoslynAnalysisRunner will not be running.
RoslynAnalysisRunner has terminated.
Mono: successfully reloaded assembly
- Completed reload, in  1.115 seconds
Platform modules already initialized, skipping
Refreshing native plugins compatible for Editor in 0.34 ms, found 1 plugins.
Preloading 0 native plugins for Editor in 0.00 ms.
Unloading 1952 Unused Serialized files (Serialized files now loaded: 0)
System memory in use before: 93.4 MB.
System memory in use after: 93.5 MB.

Unloading 9 unused Assets to reduce memory usage. Loaded Objects now: 2464.
Total: 2.009500 ms (FindLiveObjects: 0.259100 ms CreateObjectMapping: 0.093100 ms MarkObjects: 1.636400 ms  DeleteObjects: 0.019700 ms)

========================================================================
Received Prepare
Registering precompiled user dll's ...
Registered in 0.001431 seconds.
Begin MonoManager ReloadAssembly
Native extension for WindowsStandalone target not found
Refreshing native plugins compatible for Editor in 0.44 ms, found 1 plugins.
Preloading 0 native plugins for Editor in 0.00 ms.
Invoked RoslynAnalysisRunner static constructor.
RoslynAnalysisRunner will not be running.
RoslynAnalysisRunner has terminated.
Mono: successfully reloaded assembly
- Completed reload, in  0.946 seconds
Platform modules already initialized, skipping
Refreshing native plugins compatible for Editor in 0.76 ms, found 1 plugins.
Preloading 0 native plugins for Editor in 0.00 ms.
Unloading 1952 Unused Serialized files (Serialized files now loaded: 0)
System memory in use before: 93.4 MB.
System memory in use after: 93.5 MB.

Unloading 9 unused Assets to reduce memory usage. Loaded Objects now: 2467.
Total: 2.560500 ms (FindLiveObjects: 0.270000 ms CreateObjectMapping: 0.098600 ms MarkObjects: 2.173400 ms  DeleteObjects: 0.017400 ms)

========================================================================
Received Prepare
Registering precompiled user dll's ...
Registered in 0.001470 seconds.
Begin MonoManager ReloadAssembly
Native extension for WindowsStandalone target not found
Refreshing native plugins compatible for Editor in 0.63 ms, found 1 plugins.
Preloading 0 native plugins for Editor in 0.00 ms.
Invoked RoslynAnalysisRunner static constructor.
RoslynAnalysisRunner will not be running.
RoslynAnalysisRunner has terminated.
Mono: successfully reloaded assembly
- Completed reload, in  0.959 seconds
Platform modules already initialized, skipping
Refreshing native plugins compatible for Editor in 0.38 ms, found 1 plugins.
Preloading 0 native plugins for Editor in 0.00 ms.
Unloading 1952 Unused Serialized files (Serialized files now loaded: 0)
System memory in use before: 93.4 MB.
System memory in use after: 93.5 MB.

Unloading 9 unused Assets to reduce memory usage. Loaded Objects now: 2470.
Total: 2.319400 ms (FindLiveObjects: 0.364700 ms CreateObjectMapping: 0.139100 ms MarkObjects: 1.795100 ms  DeleteObjects: 0.019300 ms)

========================================================================
Received Prepare
Registering precompiled user dll's ...
Registered in 0.001531 seconds.
Begin MonoManager ReloadAssembly
Native extension for WindowsStandalone target not found
Refreshing native plugins compatible for Editor in 0.42 ms, found 1 plugins.
Preloading 0 native plugins for Editor in 0.00 ms.
Invoked RoslynAnalysisRunner static constructor.
RoslynAnalysisRunner will not be running.
RoslynAnalysisRunner has terminated.
Mono: successfully reloaded assembly
- Completed reload, in  1.089 seconds
Platform modules already initialized, skipping
Refreshing native plugins compatible for Editor in 0.40 ms, found 1 plugins.
Preloading 0 native plugins for Editor in 0.00 ms.
Unloading 1952 Unused Serialized files (Serialized files now loaded: 0)
System memory in use before: 93.4 MB.
System memory in use after: 93.5 MB.

Unloading 9 unused Assets to reduce memory usage. Loaded Objects now: 2473.
Total: 2.034100 ms (FindLiveObjects: 0.221200 ms CreateObjectMapping: 0.089700 ms MarkObjects: 1.703500 ms  DeleteObjects: 0.018500 ms)

========================================================================
Received Prepare
Registering precompiled user dll's ...
Registered in 0.001639 seconds.
Begin MonoManager ReloadAssembly
Native extension for WindowsStandalone target not found
Refreshing native plugins compatible for Editor in 0.67 ms, found 1 plugins.
Preloading 0 native plugins for Editor in 0.00 ms.
Invoked RoslynAnalysisRunner static constructor.
RoslynAnalysisRunner will not be running.
RoslynAnalysisRunner has terminated.
Mono: successfully reloaded assembly
- Completed reload, in  1.262 seconds
Platform modules already initialized, skipping
Refreshing native plugins compatible for Editor in 0.38 ms, found 1 plugins.
Preloading 0 native plugins for Editor in 0.00 ms.
Unloading 1952 Unused Serialized files (Serialized files now loaded: 0)
System memory in use before: 93.4 MB.
System memory in use after: 93.5 MB.

Unloading 9 unused Assets to reduce memory usage. Loaded Objects now: 2476.
Total: 2.182200 ms (FindLiveObjects: 0.189900 ms CreateObjectMapping: 0.076900 ms MarkObjects: 1.898800 ms  DeleteObjects: 0.015400 ms)

========================================================================
Received Prepare
Registering precompiled user dll's ...
Registered in 0.001508 seconds.
Begin MonoManager ReloadAssembly
Native extension for WindowsStandalone target not found
Refreshing native plugins compatible for Editor in 0.36 ms, found 1 plugins.
Preloading 0 native plugins for Editor in 0.00 ms.
Invoked RoslynAnalysisRunner static constructor.
RoslynAnalysisRunner will not be running.
RoslynAnalysisRunner has terminated.
Mono: successfully reloaded assembly
- Completed reload, in  0.889 seconds
Platform modules already initialized, skipping
Refreshing native plugins compatible for Editor in 0.50 ms, found 1 plugins.
Preloading 0 native plugins for Editor in 0.00 ms.
Unloading 1952 Unused Serialized files (Serialized files now loaded: 0)
System memory in use before: 93.4 MB.
System memory in use after: 93.5 MB.

Unloading 9 unused Assets to reduce memory usage. Loaded Objects now: 2479.
Total: 2.092600 ms (FindLiveObjects: 0.250700 ms CreateObjectMapping: 0.073300 ms MarkObjects: 1.750800 ms  DeleteObjects: 0.016800 ms)

========================================================================
Received Prepare
Registering precompiled user dll's ...
Registered in 0.001427 seconds.
Begin MonoManager ReloadAssembly
Native extension for WindowsStandalone target not found
Refreshing native plugins compatible for Editor in 0.37 ms, found 1 plugins.
Preloading 0 native plugins for Editor in 0.00 ms.
Invoked RoslynAnalysisRunner static constructor.
RoslynAnalysisRunner will not be running.
RoslynAnalysisRunner has terminated.
Mono: successfully reloaded assembly
- Completed reload, in  0.924 seconds
Platform modules already initialized, skipping
Refreshing native plugins compatible for Editor in 0.36 ms, found 1 plugins.
Preloading 0 native plugins for Editor in 0.00 ms.
Unloading 1952 Unused Serialized files (Serialized files now loaded: 0)
System memory in use before: 93.4 MB.
System memory in use after: 93.5 MB.

Unloading 9 unused Assets to reduce memory usage. Loaded Objects now: 2482.
Total: 2.157000 ms (FindLiveObjects: 0.231100 ms CreateObjectMapping: 0.082900 ms MarkObjects: 1.824900 ms  DeleteObjects: 0.017000 ms)

========================================================================
Received Prepare
Registering precompiled user dll's ...
Registered in 0.001631 seconds.
Begin MonoManager ReloadAssembly
Native extension for WindowsStandalone target not found
Refreshing native plugins compatible for Editor in 0.38 ms, found 1 plugins.
Preloading 0 native plugins for Editor in 0.00 ms.
Invoked RoslynAnalysisRunner static constructor.
RoslynAnalysisRunner will not be running.
RoslynAnalysisRunner has terminated.
Mono: successfully reloaded assembly
- Completed reload, in  0.981 seconds
Platform modules already initialized, skipping
Refreshing native plugins compatible for Editor in 0.42 ms, found 1 plugins.
Preloading 0 native plugins for Editor in 0.00 ms.
Unloading 1952 Unused Serialized files (Serialized files now loaded: 0)
System memory in use before: 93.4 MB.
System memory in use after: 93.5 MB.

Unloading 9 unused Assets to reduce memory usage. Loaded Objects now: 2485.
Total: 2.506800 ms (FindLiveObjects: 0.230200 ms CreateObjectMapping: 0.097400 ms MarkObjects: 2.159400 ms  DeleteObjects: 0.018500 ms)

========================================================================
Received Prepare
Registering precompiled user dll's ...
Registered in 0.001807 seconds.
Begin MonoManager ReloadAssembly
Native extension for WindowsStandalone target not found
Refreshing native plugins compatible for Editor in 0.37 ms, found 1 plugins.
Preloading 0 native plugins for Editor in 0.00 ms.
Invoked RoslynAnalysisRunner static constructor.
RoslynAnalysisRunner will not be running.
RoslynAnalysisRunner has terminated.
Mono: successfully reloaded assembly
- Completed reload, in  0.980 seconds
Platform modules already initialized, skipping
Refreshing native plugins compatible for Editor in 0.35 ms, found 1 plugins.
Preloading 0 native plugins for Editor in 0.00 ms.
Unloading 1952 Unused Serialized files (Serialized files now loaded: 0)
System memory in use before: 93.4 MB.
System memory in use after: 93.5 MB.

Unloading 9 unused Assets to reduce memory usage. Loaded Objects now: 2488.
Total: 2.184300 ms (FindLiveObjects: 0.208000 ms CreateObjectMapping: 0.076100 ms MarkObjects: 1.881200 ms  DeleteObjects: 0.017900 ms)

========================================================================
Received Prepare
Registering precompiled user dll's ...
Registered in 0.001424 seconds.
Begin MonoManager ReloadAssembly
Native extension for WindowsStandalone target not found
Refreshing native plugins compatible for Editor in 0.37 ms, found 1 plugins.
Preloading 0 native plugins for Editor in 0.00 ms.
Invoked RoslynAnalysisRunner static constructor.
RoslynAnalysisRunner will not be running.
RoslynAnalysisRunner has terminated.
Mono: successfully reloaded assembly
- Completed reload, in  0.910 seconds
Platform modules already initialized, skipping
Refreshing native plugins compatible for Editor in 0.38 ms, found 1 plugins.
Preloading 0 native plugins for Editor in 0.00 ms.
Unloading 1952 Unused Serialized files (Serialized files now loaded: 0)
System memory in use before: 93.4 MB.
System memory in use after: 93.6 MB.

Unloading 9 unused Assets to reduce memory usage. Loaded Objects now: 2491.
Total: 2.315100 ms (FindLiveObjects: 0.225000 ms CreateObjectMapping: 0.104200 ms MarkObjects: 1.963400 ms  DeleteObjects: 0.021100 ms)

========================================================================
Received Prepare
Registering precompiled user dll's ...
Registered in 0.001734 seconds.
Begin MonoManager ReloadAssembly
Native extension for WindowsStandalone target not found
Refreshing native plugins compatible for Editor in 0.37 ms, found 1 plugins.
Preloading 0 native plugins for Editor in 0.00 ms.
Invoked RoslynAnalysisRunner static constructor.
RoslynAnalysisRunner will not be running.
RoslynAnalysisRunner has terminated.
Mono: successfully reloaded assembly
- Completed reload, in  0.975 seconds
Platform modules already initialized, skipping
Refreshing native plugins compatible for Editor in 0.34 ms, found 1 plugins.
Preloading 0 native plugins for Editor in 0.00 ms.
Unloading 1952 Unused Serialized files (Serialized files now loaded: 0)
System memory in use before: 93.5 MB.
System memory in use after: 93.6 MB.

Unloading 9 unused Assets to reduce memory usage. Loaded Objects now: 2494.
Total: 2.168100 ms (FindLiveObjects: 0.331000 ms CreateObjectMapping: 0.114100 ms MarkObjects: 1.706100 ms  DeleteObjects: 0.015800 ms)

========================================================================
Received Import Request.
  Time since last request: 1799.780550 seconds.
  path: Assets/Prefabs/Player Variant.prefab
  artifactKey: Guid(3edd4783a8ae6d04cad6582d9edcb679) Importer(815301076,1909f56bfc062723c751e8b465ee728b)
Start importing Assets/Prefabs/Player Variant.prefab using Guid(3edd4783a8ae6d04cad6582d9edcb679) Importer(815301076,1909f56bfc062723c751e8b465ee728b)  -> (artifact id: '6660f064c7b260be53ecde8368de3082') in 0.076573 seconds
  Import took 0.083504 seconds .

========================================================================
Received Prepare
Registering precompiled user dll's ...
Registered in 0.001428 seconds.
Begin MonoManager ReloadAssembly
Native extension for WindowsStandalone target not found
Refreshing native plugins compatible for Editor in 0.35 ms, found 1 plugins.
Preloading 0 native plugins for Editor in 0.00 ms.
Invoked RoslynAnalysisRunner static constructor.
RoslynAnalysisRunner will not be running.
RoslynAnalysisRunner has terminated.
Mono: successfully reloaded assembly
- Completed reload, in  0.944 seconds
Platform modules already initialized, skipping
Refreshing native plugins compatible for Editor in 0.37 ms, found 1 plugins.
Preloading 0 native plugins for Editor in 0.00 ms.
Unloading 1952 Unused Serialized files (Serialized files now loaded: 0)
System memory in use before: 93.5 MB.
System memory in use after: 93.6 MB.

Unloading 9 unused Assets to reduce memory usage. Loaded Objects now: 2498.
Total: 2.493900 ms (FindLiveObjects: 0.226700 ms CreateObjectMapping: 0.086900 ms MarkObjects: 2.160600 ms  DeleteObjects: 0.018600 ms)

========================================================================
Received Prepare
Registering precompiled user dll's ...
Registered in 0.001430 seconds.
Begin MonoManager ReloadAssembly
Native extension for WindowsStandalone target not found
Refreshing native plugins compatible for Editor in 0.41 ms, found 1 plugins.
Preloading 0 native plugins for Editor in 0.00 ms.
Invoked RoslynAnalysisRunner static constructor.
RoslynAnalysisRunner will not be running.
RoslynAnalysisRunner has terminated.
Mono: successfully reloaded assembly
- Completed reload, in  0.942 seconds
Platform modules already initialized, skipping
Refreshing native plugins compatible for Editor in 0.61 ms, found 1 plugins.
Preloading 0 native plugins for Editor in 0.00 ms.
Unloading 1952 Unused Serialized files (Serialized files now loaded: 0)
System memory in use before: 93.5 MB.
System memory in use after: 93.6 MB.

Unloading 9 unused Assets to reduce memory usage. Loaded Objects now: 2501.
Total: 2.274100 ms (FindLiveObjects: 0.221600 ms CreateObjectMapping: 0.081500 ms MarkObjects: 1.951500 ms  DeleteObjects: 0.018500 ms)

========================================================================
Received Prepare
Registering precompiled user dll's ...
Registered in 0.001472 seconds.
Begin MonoManager ReloadAssembly
Native extension for WindowsStandalone target not found
Refreshing native plugins compatible for Editor in 0.35 ms, found 1 plugins.
Preloading 0 native plugins for Editor in 0.00 ms.
Invoked RoslynAnalysisRunner static constructor.
RoslynAnalysisRunner will not be running.
RoslynAnalysisRunner has terminated.
Mono: successfully reloaded assembly
- Completed reload, in  0.909 seconds
Platform modules already initialized, skipping
Refreshing native plugins compatible for Editor in 0.36 ms, found 1 plugins.
Preloading 0 native plugins for Editor in 0.00 ms.
Unloading 1952 Unused Serialized files (Serialized files now loaded: 0)
System memory in use before: 93.5 MB.
System memory in use after: 93.6 MB.

Unloading 9 unused Assets to reduce memory usage. Loaded Objects now: 2504.
Total: 2.563800 ms (FindLiveObjects: 0.299400 ms CreateObjectMapping: 0.107700 ms MarkObjects: 2.134600 ms  DeleteObjects: 0.020900 ms)

========================================================================
Received Prepare
Registering precompiled user dll's ...
Registered in 0.001436 seconds.
Begin MonoManager ReloadAssembly
Native extension for WindowsStandalone target not found
Refreshing native plugins compatible for Editor in 0.33 ms, found 1 plugins.
Preloading 0 native plugins for Editor in 0.00 ms.
Invoked RoslynAnalysisRunner static constructor.
RoslynAnalysisRunner will not be running.
RoslynAnalysisRunner has terminated.
Mono: successfully reloaded assembly
- Completed reload, in  0.839 seconds
Platform modules already initialized, skipping
Refreshing native plugins compatible for Editor in 0.34 ms, found 1 plugins.
Preloading 0 native plugins for Editor in 0.00 ms.
Unloading 1952 Unused Serialized files (Serialized files now loaded: 0)
System memory in use before: 93.5 MB.
System memory in use after: 93.6 MB.

Unloading 9 unused Assets to reduce memory usage. Loaded Objects now: 2507.
Total: 2.349100 ms (FindLiveObjects: 0.286900 ms CreateObjectMapping: 0.108700 ms MarkObjects: 1.937300 ms  DeleteObjects: 0.015100 ms)

========================================================================
Received Import Request.
  Time since last request: 328.627439 seconds.
  path: Assets/Scenes/Level1.unity
  artifactKey: Guid(f03206e53b467fe47b9dbb094b9ebd81) Importer(815301076,1909f56bfc062723c751e8b465ee728b)
Start importing Assets/Scenes/Level1.unity using Guid(f03206e53b467fe47b9dbb094b9ebd81) Importer(815301076,1909f56bfc062723c751e8b465ee728b)  -> (artifact id: 'a893a3ba16dc27dfdcaf06d3425597bb') in 0.012515 seconds
  Import took 0.017588 seconds .

========================================================================
Received Prepare
Registering precompiled user dll's ...
Registered in 0.001578 seconds.
Begin MonoManager ReloadAssembly
Native extension for WindowsStandalone target not found
Refreshing native plugins compatible for Editor in 0.34 ms, found 1 plugins.
Preloading 0 native plugins for Editor in 0.00 ms.
Invoked RoslynAnalysisRunner static constructor.
RoslynAnalysisRunner will not be running.
RoslynAnalysisRunner has terminated.
Mono: successfully reloaded assembly
- Completed reload, in  0.904 seconds
Platform modules already initialized, skipping
Refreshing native plugins compatible for Editor in 0.50 ms, found 1 plugins.
Preloading 0 native plugins for Editor in 0.00 ms.
Unloading 1952 Unused Serialized files (Serialized files now loaded: 0)
System memory in use before: 93.5 MB.
System memory in use after: 93.6 MB.

Unloading 9 unused Assets to reduce memory usage. Loaded Objects now: 2510.
Total: 2.287600 ms (FindLiveObjects: 0.374000 ms CreateObjectMapping: 0.105400 ms MarkObjects: 1.785100 ms  DeleteObjects: 0.021500 ms)

========================================================================
Received Prepare
Registering precompiled user dll's ...
Registered in 0.001400 seconds.
Begin MonoManager ReloadAssembly
Native extension for WindowsStandalone target not found
Refreshing native plugins compatible for Editor in 0.67 ms, found 1 plugins.
Preloading 0 native plugins for Editor in 0.00 ms.
Invoked RoslynAnalysisRunner static constructor.
RoslynAnalysisRunner will not be running.
RoslynAnalysisRunner has terminated.
Mono: successfully reloaded assembly
- Completed reload, in  1.134 seconds
Platform modules already initialized, skipping
Refreshing native plugins compatible for Editor in 0.35 ms, found 1 plugins.
Preloading 0 native plugins for Editor in 0.00 ms.
Unloading 1952 Unused Serialized files (Serialized files now loaded: 0)
System memory in use before: 93.5 MB.
System memory in use after: 93.6 MB.

Unloading 9 unused Assets to reduce memory usage. Loaded Objects now: 2513.
Total: 2.429700 ms (FindLiveObjects: 0.341100 ms CreateObjectMapping: 0.122600 ms MarkObjects: 1.947100 ms  DeleteObjects: 0.017700 ms)

========================================================================
Received Prepare
Registering precompiled user dll's ...
Registered in 0.002232 seconds.
Begin MonoManager ReloadAssembly
Native extension for WindowsStandalone target not found
Refreshing native plugins compatible for Editor in 0.47 ms, found 1 plugins.
Preloading 0 native plugins for Editor in 0.00 ms.
Invoked RoslynAnalysisRunner static constructor.
RoslynAnalysisRunner will not be running.
RoslynAnalysisRunner has terminated.
Mono: successfully reloaded assembly
- Completed reload, in  1.446 seconds
Platform modules already initialized, skipping
Refreshing native plugins compatible for Editor in 0.71 ms, found 1 plugins.
Preloading 0 native plugins for Editor in 0.00 ms.
Unloading 1952 Unused Serialized files (Serialized files now loaded: 0)
System memory in use before: 93.5 MB.
System memory in use after: 93.6 MB.

Unloading 9 unused Assets to reduce memory usage. Loaded Objects now: 2516.
Total: 2.687400 ms (FindLiveObjects: 0.422100 ms CreateObjectMapping: 0.171000 ms MarkObjects: 2.071300 ms  DeleteObjects: 0.021300 ms)

========================================================================
Received Import Request.
  Time since last request: 166.603475 seconds.
  path: Assets/Prefabs/Bullet.prefab
  artifactKey: Guid(04ee0aa610185524fbe19cd31702e9ca) Importer(815301076,1909f56bfc062723c751e8b465ee728b)
Start importing Assets/Prefabs/Bullet.prefab using Guid(04ee0aa610185524fbe19cd31702e9ca) Importer(815301076,1909f56bfc062723c751e8b465ee728b)  -> (artifact id: 'cdd2a4034d325b4736af8964aeeb474c') in 0.079858 seconds
  Import took 0.088160 seconds .

========================================================================
Received Prepare
Registering precompiled user dll's ...
Registered in 0.001461 seconds.
Begin MonoManager ReloadAssembly
Native extension for WindowsStandalone target not found
Refreshing native plugins compatible for Editor in 0.37 ms, found 1 plugins.
Preloading 0 native plugins for Editor in 0.00 ms.
Invoked RoslynAnalysisRunner static constructor.
RoslynAnalysisRunner will not be running.
RoslynAnalysisRunner has terminated.
Mono: successfully reloaded assembly
- Completed reload, in  0.987 seconds
Platform modules already initialized, skipping
Refreshing native plugins compatible for Editor in 0.40 ms, found 1 plugins.
Preloading 0 native plugins for Editor in 0.00 ms.
Unloading 1952 Unused Serialized files (Serialized files now loaded: 0)
System memory in use before: 93.5 MB.
System memory in use after: 93.6 MB.

Unloading 9 unused Assets to reduce memory usage. Loaded Objects now: 2520.
Total: 2.689900 ms (FindLiveObjects: 0.393800 ms CreateObjectMapping: 0.153100 ms MarkObjects: 2.118100 ms  DeleteObjects: 0.023600 ms)

========================================================================
Received Prepare
Registering precompiled user dll's ...
Registered in 0.001418 seconds.
Begin MonoManager ReloadAssembly
Native extension for WindowsStandalone target not found
Refreshing native plugins compatible for Editor in 0.35 ms, found 1 plugins.
Preloading 0 native plugins for Editor in 0.00 ms.
Invoked RoslynAnalysisRunner static constructor.
RoslynAnalysisRunner will not be running.
RoslynAnalysisRunner has terminated.
Mono: successfully reloaded assembly
- Completed reload, in  0.899 seconds
Platform modules already initialized, skipping
Refreshing native plugins compatible for Editor in 0.35 ms, found 1 plugins.
Preloading 0 native plugins for Editor in 0.00 ms.
Unloading 1952 Unused Serialized files (Serialized files now loaded: 0)
System memory in use before: 93.5 MB.
System memory in use after: 93.6 MB.

Unloading 9 unused Assets to reduce memory usage. Loaded Objects now: 2523.
Total: 2.086900 ms (FindLiveObjects: 0.219200 ms CreateObjectMapping: 0.086100 ms MarkObjects: 1.764300 ms  DeleteObjects: 0.016200 ms)

========================================================================
Received Prepare
Registering precompiled user dll's ...
Registered in 0.001598 seconds.
Begin MonoManager ReloadAssembly
Native extension for WindowsStandalone target not found
Refreshing native plugins compatible for Editor in 0.40 ms, found 1 plugins.
Preloading 0 native plugins for Editor in 0.00 ms.
Invoked RoslynAnalysisRunner static constructor.
RoslynAnalysisRunner will not be running.
RoslynAnalysisRunner has terminated.
Mono: successfully reloaded assembly
- Completed reload, in  1.017 seconds
Platform modules already initialized, skipping
Refreshing native plugins compatible for Editor in 0.38 ms, found 1 plugins.
Preloading 0 native plugins for Editor in 0.00 ms.
Unloading 1952 Unused Serialized files (Serialized files now loaded: 0)
System memory in use before: 93.5 MB.
System memory in use after: 93.7 MB.

Unloading 9 unused Assets to reduce memory usage. Loaded Objects now: 2526.
Total: 2.488800 ms (FindLiveObjects: 0.302600 ms CreateObjectMapping: 0.119700 ms MarkObjects: 2.047300 ms  DeleteObjects: 0.018200 ms)

========================================================================
Received Prepare
Registering precompiled user dll's ...
Registered in 0.001414 seconds.
Begin MonoManager ReloadAssembly
Native extension for WindowsStandalone target not found
Refreshing native plugins compatible for Editor in 0.51 ms, found 1 plugins.
Preloading 0 native plugins for Editor in 0.00 ms.
Invoked RoslynAnalysisRunner static constructor.
RoslynAnalysisRunner will not be running.
RoslynAnalysisRunner has terminated.
Mono: successfully reloaded assembly
- Completed reload, in  0.931 seconds
Platform modules already initialized, skipping
Refreshing native plugins compatible for Editor in 0.34 ms, found 1 plugins.
Preloading 0 native plugins for Editor in 0.00 ms.
Unloading 1952 Unused Serialized files (Serialized files now loaded: 0)
System memory in use before: 93.5 MB.
System memory in use after: 93.7 MB.

Unloading 9 unused Assets to reduce memory usage. Loaded Objects now: 2529.
Total: 2.079700 ms (FindLiveObjects: 0.180200 ms CreateObjectMapping: 0.071700 ms MarkObjects: 1.811300 ms  DeleteObjects: 0.015700 ms)

========================================================================
Received Import Request.
  Time since last request: 409.213345 seconds.
  path: Assets/Prefabs/Player Variant.prefab
  artifactKey: Guid(3edd4783a8ae6d04cad6582d9edcb679) Importer(815301076,1909f56bfc062723c751e8b465ee728b)
Start importing Assets/Prefabs/Player Variant.prefab using Guid(3edd4783a8ae6d04cad6582d9edcb679) Importer(815301076,1909f56bfc062723c751e8b465ee728b)  -> (artifact id: '92bbc5378f1bdb8a8caeb6d21b7243a9') in 0.063842 seconds
  Import took 0.070812 seconds .

========================================================================
Received Import Request.
  Time since last request: 594.923065 seconds.
  path: Assets/Scripts/ammoPickup.cs
  artifactKey: Guid(ed3c7ceca649b8745bb32b20b9bf298d) Importer(815301076,1909f56bfc062723c751e8b465ee728b)
Start importing Assets/Scripts/ammoPickup.cs using Guid(ed3c7ceca649b8745bb32b20b9bf298d) Importer(815301076,1909f56bfc062723c751e8b465ee728b)  -> (artifact id: '59f67b4a13098f649fd2bf3815ccedc8') in 0.004863 seconds
  Import took 0.011081 seconds .

========================================================================
Received Import Request.
  Time since last request: 0.000459 seconds.
  path: Assets/Scripts/ammoPickup.cs
  artifactKey: Guid(ed3c7ceca649b8745bb32b20b9bf298d) Importer(815301076,1909f56bfc062723c751e8b465ee728b)
Start importing Assets/Scripts/ammoPickup.cs using Guid(ed3c7ceca649b8745bb32b20b9bf298d) Importer(815301076,1909f56bfc062723c751e8b465ee728b)  -> (artifact id: '59f67b4a13098f649fd2bf3815ccedc8') in 0.004097 seconds
  Import took 0.009926 seconds .

========================================================================
Received Import Request.
  Time since last request: 3.787566 seconds.
  path: Assets/Scripts/EnemyPatrol.cs
  artifactKey: Guid(7e4e0e4157b888d4c8bd2da9ec4353fe) Importer(815301076,1909f56bfc062723c751e8b465ee728b)
Start importing Assets/Scripts/EnemyPatrol.cs using Guid(7e4e0e4157b888d4c8bd2da9ec4353fe) Importer(815301076,1909f56bfc062723c751e8b465ee728b)  -> (artifact id: 'd292395907beb92c3fd4230bfb844919') in 0.004279 seconds
  Import took 0.009465 seconds .

========================================================================
Received Import Request.
  Time since last request: 0.744361 seconds.
  path: Assets/Scripts/LevelManager.cs
  artifactKey: Guid(01eeba6674e9a4048a71aa6c2eac7d5b) Importer(815301076,1909f56bfc062723c751e8b465ee728b)
Start importing Assets/Scripts/LevelManager.cs using Guid(01eeba6674e9a4048a71aa6c2eac7d5b) Importer(815301076,1909f56bfc062723c751e8b465ee728b)  -> (artifact id: '8a71c4ea691a3576b808c7f23d5d9c8d') in 0.004370 seconds
  Import took 0.010622 seconds .

========================================================================
Received Import Request.
  Time since last request: 0.000844 seconds.
  path: Assets/Scripts/LevelManager.cs
  artifactKey: Guid(01eeba6674e9a4048a71aa6c2eac7d5b) Importer(815301076,1909f56bfc062723c751e8b465ee728b)
Start importing Assets/Scripts/LevelManager.cs using Guid(01eeba6674e9a4048a71aa6c2eac7d5b) Importer(815301076,1909f56bfc062723c751e8b465ee728b)  -> (artifact id: '8a71c4ea691a3576b808c7f23d5d9c8d') in 0.004436 seconds
  Import took 0.010593 seconds .

========================================================================
Received Import Request.
  Time since last request: 0.697647 seconds.
  path: Assets/Scripts/NextLevel.cs
  artifactKey: Guid(224b399e0b64b824da5be9e4b90291c4) Importer(815301076,1909f56bfc062723c751e8b465ee728b)
Start importing Assets/Scripts/NextLevel.cs using Guid(224b399e0b64b824da5be9e4b90291c4) Importer(815301076,1909f56bfc062723c751e8b465ee728b)  -> (artifact id: '7e34e4d870ef2bf745a540460eca948c') in 0.004486 seconds
  Import took 0.010157 seconds .

========================================================================
Received Import Request.
  Time since last request: 0.001595 seconds.
  path: Assets/Scripts/NextLevel.cs
  artifactKey: Guid(224b399e0b64b824da5be9e4b90291c4) Importer(815301076,1909f56bfc062723c751e8b465ee728b)
Start importing Assets/Scripts/NextLevel.cs using Guid(224b399e0b64b824da5be9e4b90291c4) Importer(815301076,1909f56bfc062723c751e8b465ee728b)  -> (artifact id: '7e34e4d870ef2bf745a540460eca948c') in 0.004723 seconds
  Import took 0.011606 seconds .

========================================================================
Received Import Request.
  Time since last request: 1.858516 seconds.
  path: Assets/Scripts/PlayerMovement.cs
  artifactKey: Guid(6b44dbebd427ebf408f00655bf36057b) Importer(815301076,1909f56bfc062723c751e8b465ee728b)
Start importing Assets/Scripts/PlayerMovement.cs using Guid(6b44dbebd427ebf408f00655bf36057b) Importer(815301076,1909f56bfc062723c751e8b465ee728b)  -> (artifact id: '4a1104e84c051261c877bb28f174587b') in 0.004217 seconds
  Import took 0.010857 seconds .

========================================================================
Received Import Request.
  Time since last request: 0.899795 seconds.
  path: Assets/Scripts/playerShoot.cs
  artifactKey: Guid(1a804cd72e544364e994aba19654d643) Importer(815301076,1909f56bfc062723c751e8b465ee728b)
Start importing Assets/Scripts/playerShoot.cs using Guid(1a804cd72e544364e994aba19654d643) Importer(815301076,1909f56bfc062723c751e8b465ee728b)  -> (artifact id: '897b7e390b93096ecfa21973ce04fdf3') in 0.004272 seconds
  Import took 0.010438 seconds .

========================================================================
Received Import Request.
  Time since last request: 0.002426 seconds.
  path: Assets/Scripts/playerShoot.cs
  artifactKey: Guid(1a804cd72e544364e994aba19654d643) Importer(815301076,1909f56bfc062723c751e8b465ee728b)
Start importing Assets/Scripts/playerShoot.cs using Guid(1a804cd72e544364e994aba19654d643) Importer(815301076,1909f56bfc062723c751e8b465ee728b)  -> (artifact id: '897b7e390b93096ecfa21973ce04fdf3') in 0.004073 seconds
  Import took 0.009676 seconds .

========================================================================
Received Prepare
Registering precompiled user dll's ...
Registered in 0.001390 seconds.
Begin MonoManager ReloadAssembly
Native extension for WindowsStandalone target not found
Refreshing native plugins compatible for Editor in 0.36 ms, found 1 plugins.
Preloading 0 native plugins for Editor in 0.00 ms.
Invoked RoslynAnalysisRunner static constructor.
RoslynAnalysisRunner will not be running.
RoslynAnalysisRunner has terminated.
Mono: successfully reloaded assembly
- Completed reload, in  0.897 seconds
Platform modules already initialized, skipping
Refreshing native plugins compatible for Editor in 0.33 ms, found 1 plugins.
Preloading 0 native plugins for Editor in 0.00 ms.
Unloading 1952 Unused Serialized files (Serialized files now loaded: 0)
System memory in use before: 93.6 MB.
System memory in use after: 93.7 MB.

Unloading 9 unused Assets to reduce memory usage. Loaded Objects now: 2533.
Total: 2.895400 ms (FindLiveObjects: 0.296400 ms CreateObjectMapping: 0.111400 ms MarkObjects: 2.465500 ms  DeleteObjects: 0.020300 ms)

========================================================================
Received Prepare
Registering precompiled user dll's ...
Registered in 0.001479 seconds.
Begin MonoManager ReloadAssembly
Native extension for WindowsStandalone target not found
Refreshing native plugins compatible for Editor in 0.34 ms, found 1 plugins.
Preloading 0 native plugins for Editor in 0.00 ms.
Invoked RoslynAnalysisRunner static constructor.
RoslynAnalysisRunner will not be running.
RoslynAnalysisRunner has terminated.
Mono: successfully reloaded assembly
- Completed reload, in  0.864 seconds
Platform modules already initialized, skipping
Refreshing native plugins compatible for Editor in 0.51 ms, found 1 plugins.
Preloading 0 native plugins for Editor in 0.00 ms.
Unloading 1952 Unused Serialized files (Serialized files now loaded: 0)
System memory in use before: 93.6 MB.
System memory in use after: 93.7 MB.

Unloading 9 unused Assets to reduce memory usage. Loaded Objects now: 2536.
Total: 2.327800 ms (FindLiveObjects: 0.297600 ms CreateObjectMapping: 0.095800 ms MarkObjects: 1.915200 ms  DeleteObjects: 0.017300 ms)

========================================================================
Received Prepare
Registering precompiled user dll's ...
Registered in 0.001568 seconds.
Begin MonoManager ReloadAssembly
Native extension for WindowsStandalone target not found
Refreshing native plugins compatible for Editor in 0.34 ms, found 1 plugins.
Preloading 0 native plugins for Editor in 0.00 ms.
Invoked RoslynAnalysisRunner static constructor.
RoslynAnalysisRunner will not be running.
RoslynAnalysisRunner has terminated.
Mono: successfully reloaded assembly
- Completed reload, in  0.887 seconds
Platform modules already initialized, skipping
Refreshing native plugins compatible for Editor in 0.35 ms, found 1 plugins.
Preloading 0 native plugins for Editor in 0.00 ms.
Unloading 1952 Unused Serialized files (Serialized files now loaded: 0)
System memory in use before: 93.6 MB.
System memory in use after: 93.7 MB.

Unloading 9 unused Assets to reduce memory usage. Loaded Objects now: 2539.
Total: 2.603100 ms (FindLiveObjects: 0.327200 ms CreateObjectMapping: 0.073700 ms MarkObjects: 2.181600 ms  DeleteObjects: 0.019400 ms)

========================================================================
Received Prepare
Registering precompiled user dll's ...
Registered in 0.001529 seconds.
Begin MonoManager ReloadAssembly
Native extension for WindowsStandalone target not found
Refreshing native plugins compatible for Editor in 0.34 ms, found 1 plugins.
Preloading 0 native plugins for Editor in 0.00 ms.
Invoked RoslynAnalysisRunner static constructor.
RoslynAnalysisRunner will not be running.
RoslynAnalysisRunner has terminated.
Mono: successfully reloaded assembly
- Completed reload, in  1.062 seconds
Platform modules already initialized, skipping
Refreshing native plugins compatible for Editor in 0.43 ms, found 1 plugins.
Preloading 0 native plugins for Editor in 0.00 ms.
Unloading 1952 Unused Serialized files (Serialized files now loaded: 0)
System memory in use before: 93.6 MB.
System memory in use after: 93.7 MB.

Unloading 9 unused Assets to reduce memory usage. Loaded Objects now: 2542.
Total: 2.629100 ms (FindLiveObjects: 0.329400 ms CreateObjectMapping: 0.139700 ms MarkObjects: 2.132900 ms  DeleteObjects: 0.021800 ms)

========================================================================
Received Prepare
Registering precompiled user dll's ...
Registered in 0.001404 seconds.
Begin MonoManager ReloadAssembly
Native extension for WindowsStandalone target not found
Refreshing native plugins compatible for Editor in 0.34 ms, found 1 plugins.
Preloading 0 native plugins for Editor in 0.00 ms.
Invoked RoslynAnalysisRunner static constructor.
RoslynAnalysisRunner will not be running.
RoslynAnalysisRunner has terminated.
Mono: successfully reloaded assembly
- Completed reload, in  0.861 seconds
Platform modules already initialized, skipping
Refreshing native plugins compatible for Editor in 0.48 ms, found 1 plugins.
Preloading 0 native plugins for Editor in 0.00 ms.
Unloading 1952 Unused Serialized files (Serialized files now loaded: 0)
System memory in use before: 93.6 MB.
System memory in use after: 93.7 MB.

Unloading 9 unused Assets to reduce memory usage. Loaded Objects now: 2545.
Total: 2.603600 ms (FindLiveObjects: 0.399300 ms CreateObjectMapping: 0.110900 ms MarkObjects: 2.065400 ms  DeleteObjects: 0.024800 ms)

========================================================================
Received Prepare
Registering precompiled user dll's ...
Registered in 0.001485 seconds.
Begin MonoManager ReloadAssembly
Native extension for WindowsStandalone target not found
Refreshing native plugins compatible for Editor in 0.33 ms, found 1 plugins.
Preloading 0 native plugins for Editor in 0.00 ms.
Invoked RoslynAnalysisRunner static constructor.
RoslynAnalysisRunner will not be running.
RoslynAnalysisRunner has terminated.
Mono: successfully reloaded assembly
- Completed reload, in  0.899 seconds
Platform modules already initialized, skipping
Refreshing native plugins compatible for Editor in 0.34 ms, found 1 plugins.
Preloading 0 native plugins for Editor in 0.00 ms.
Unloading 1952 Unused Serialized files (Serialized files now loaded: 0)
System memory in use before: 93.6 MB.
System memory in use after: 93.7 MB.

Unloading 9 unused Assets to reduce memory usage. Loaded Objects now: 2548.
Total: 2.205800 ms (FindLiveObjects: 0.192300 ms CreateObjectMapping: 0.062800 ms MarkObjects: 1.933800 ms  DeleteObjects: 0.016100 ms)

========================================================================
Received Prepare
Registering precompiled user dll's ...
Registered in 0.001820 seconds.
Begin MonoManager ReloadAssembly
Native extension for WindowsStandalone target not found
Refreshing native plugins compatible for Editor in 0.40 ms, found 1 plugins.
Preloading 0 native plugins for Editor in 0.00 ms.
Invoked RoslynAnalysisRunner static constructor.
RoslynAnalysisRunner will not be running.
RoslynAnalysisRunner has terminated.
Mono: successfully reloaded assembly
- Completed reload, in  1.015 seconds
Platform modules already initialized, skipping
Refreshing native plugins compatible for Editor in 0.34 ms, found 1 plugins.
Preloading 0 native plugins for Editor in 0.00 ms.
Unloading 1952 Unused Serialized files (Serialized files now loaded: 0)
System memory in use before: 93.6 MB.
System memory in use after: 93.7 MB.

Unloading 9 unused Assets to reduce memory usage. Loaded Objects now: 2551.
Total: 2.161800 ms (FindLiveObjects: 0.213000 ms CreateObjectMapping: 0.105000 ms MarkObjects: 1.826000 ms  DeleteObjects: 0.016800 ms)

========================================================================
Received Prepare
Registering precompiled user dll's ...
Registered in 0.001439 seconds.
Begin MonoManager ReloadAssembly
Native extension for WindowsStandalone target not found
Refreshing native plugins compatible for Editor in 0.57 ms, found 1 plugins.
Preloading 0 native plugins for Editor in 0.00 ms.
Invoked RoslynAnalysisRunner static constructor.
RoslynAnalysisRunner will not be running.
RoslynAnalysisRunner has terminated.
Mono: successfully reloaded assembly
- Completed reload, in  0.966 seconds
Platform modules already initialized, skipping
Refreshing native plugins compatible for Editor in 0.41 ms, found 1 plugins.
Preloading 0 native plugins for Editor in 0.00 ms.
Unloading 1952 Unused Serialized files (Serialized files now loaded: 0)
System memory in use before: 93.6 MB.
System memory in use after: 93.7 MB.

Unloading 9 unused Assets to reduce memory usage. Loaded Objects now: 2554.
Total: 2.464500 ms (FindLiveObjects: 0.349400 ms CreateObjectMapping: 0.114600 ms MarkObjects: 1.981100 ms  DeleteObjects: 0.018200 ms)

========================================================================
Received Import Request.
  Time since last request: 477.575797 seconds.
  path: Assets/Prefabs/Player Variant.prefab
  artifactKey: Guid(3edd4783a8ae6d04cad6582d9edcb679) Importer(815301076,1909f56bfc062723c751e8b465ee728b)
Start importing Assets/Prefabs/Player Variant.prefab using Guid(3edd4783a8ae6d04cad6582d9edcb679) Importer(815301076,1909f56bfc062723c751e8b465ee728b)  -> (artifact id: '1def1588431a95d81efc043d2d7bb647') in 0.059511 seconds
  Import took 0.065302 seconds .

========================================================================
Received Import Request.
  Time since last request: 0.000261 seconds.
  path: Assets/Prefabs/Player.prefab
  artifactKey: Guid(5447ec7b322edd74dae846e943e91a3c) Importer(815301076,1909f56bfc062723c751e8b465ee728b)
Start importing Assets/Prefabs/Player.prefab using Guid(5447ec7b322edd74dae846e943e91a3c) Importer(815301076,1909f56bfc062723c751e8b465ee728b)  -> (artifact id: '738f73df9179883700ae7609b69f9735') in 0.012527 seconds
  Import took 0.018063 seconds .

========================================================================
Received Prepare
Registering precompiled user dll's ...
Registered in 0.002191 seconds.
Begin MonoManager ReloadAssembly
Native extension for WindowsStandalone target not found
Refreshing native plugins compatible for Editor in 0.39 ms, found 1 plugins.
Preloading 0 native plugins for Editor in 0.00 ms.
Invoked RoslynAnalysisRunner static constructor.
RoslynAnalysisRunner will not be running.
RoslynAnalysisRunner has terminated.
Mono: successfully reloaded assembly
- Completed reload, in  1.118 seconds
Platform modules already initialized, skipping
Refreshing native plugins compatible for Editor in 0.35 ms, found 1 plugins.
Preloading 0 native plugins for Editor in 0.00 ms.
Unloading 1952 Unused Serialized files (Serialized files now loaded: 0)
System memory in use before: 93.6 MB.
System memory in use after: 93.7 MB.

Unloading 9 unused Assets to reduce memory usage. Loaded Objects now: 2558.
Total: 2.087300 ms (FindLiveObjects: 0.189300 ms CreateObjectMapping: 0.075300 ms MarkObjects: 1.805900 ms  DeleteObjects: 0.016000 ms)

========================================================================
Received Import Request.
  Time since last request: 5.235000 seconds.
  path: Assets/Prefabs/Player Variant.prefab
  artifactKey: Guid(3edd4783a8ae6d04cad6582d9edcb679) Importer(815301076,1909f56bfc062723c751e8b465ee728b)
Start importing Assets/Prefabs/Player Variant.prefab using Guid(3edd4783a8ae6d04cad6582d9edcb679) Importer(815301076,1909f56bfc062723c751e8b465ee728b)  -> (artifact id: 'df9d80b588a04ab309cfd9597bb6bb51') in 0.063902 seconds
  Import took 0.069940 seconds .

========================================================================
Received Import Request.
  Time since last request: 14.346110 seconds.
  path: Assets/Prefabs/Fallthrough.prefab
  artifactKey: Guid(a2894ce354967b94bade196201f526b0) Importer(815301076,1909f56bfc062723c751e8b465ee728b)
Start importing Assets/Prefabs/Fallthrough.prefab using Guid(a2894ce354967b94bade196201f526b0) Importer(815301076,1909f56bfc062723c751e8b465ee728b)  -> (artifact id: 'de0980e1d03b5366ee6fb8250d71f784') in 0.012863 seconds
  Import took 0.019528 seconds .

========================================================================
Received Import Request.
  Time since last request: 7.649413 seconds.
  path: Assets/Scenes/Mario1-1.unity
  artifactKey: Guid(850740a437910ae4c9073e1a428ff089) Importer(815301076,1909f56bfc062723c751e8b465ee728b)
Start importing Assets/Scenes/Mario1-1.unity using Guid(850740a437910ae4c9073e1a428ff089) Importer(815301076,1909f56bfc062723c751e8b465ee728b)  -> (artifact id: '36b8a31efbb54ff711ddda2adce3c368') in 0.005667 seconds
  Import took 0.010729 seconds .

========================================================================
Received Prepare
Registering precompiled user dll's ...
Registered in 0.001443 seconds.
Begin MonoManager ReloadAssembly
Native extension for WindowsStandalone target not found
Refreshing native plugins compatible for Editor in 0.39 ms, found 1 plugins.
Preloading 0 native plugins for Editor in 0.00 ms.
Invoked RoslynAnalysisRunner static constructor.
RoslynAnalysisRunner will not be running.
RoslynAnalysisRunner has terminated.
Mono: successfully reloaded assembly
- Completed reload, in  0.916 seconds
Platform modules already initialized, skipping
Refreshing native plugins compatible for Editor in 0.34 ms, found 1 plugins.
Preloading 0 native plugins for Editor in 0.00 ms.
Unloading 1952 Unused Serialized files (Serialized files now loaded: 0)
System memory in use before: 93.6 MB.
System memory in use after: 93.8 MB.

Unloading 9 unused Assets to reduce memory usage. Loaded Objects now: 2562.
Total: 2.341600 ms (FindLiveObjects: 0.232400 ms CreateObjectMapping: 0.082700 ms MarkObjects: 2.001100 ms  DeleteObjects: 0.020800 ms)

========================================================================
Received Import Request.
  Time since last request: 79.061997 seconds.
  path: Assets/Prefabs/BrickWall.prefab
  artifactKey: Guid(999aea8750b383648b2db509aab2d30a) Importer(815301076,1909f56bfc062723c751e8b465ee728b)
Start importing Assets/Prefabs/BrickWall.prefab using Guid(999aea8750b383648b2db509aab2d30a) Importer(815301076,1909f56bfc062723c751e8b465ee728b)  -> (artifact id: '9612c3dff73c4ce7f9cfa5dd00998eae') in 0.060752 seconds
  Import took 0.066329 seconds .

========================================================================
Received Import Request.
  Time since last request: 0.713126 seconds.
  path: Assets/Prefabs/BrickWall.prefab
  artifactKey: Guid(999aea8750b383648b2db509aab2d30a) Importer(815301076,1909f56bfc062723c751e8b465ee728b)
Start importing Assets/Prefabs/BrickWall.prefab using Guid(999aea8750b383648b2db509aab2d30a) Importer(815301076,1909f56bfc062723c751e8b465ee728b)  -> (artifact id: '5a59ad3d40926ec5e073fb5e4a54aad0') in 0.010632 seconds
  Import took 0.016484 seconds .

========================================================================
Received Prepare
Registering precompiled user dll's ...
Registered in 0.001557 seconds.
Begin MonoManager ReloadAssembly
Native extension for WindowsStandalone target not found
Refreshing native plugins compatible for Editor in 0.34 ms, found 1 plugins.
Preloading 0 native plugins for Editor in 0.00 ms.
Invoked RoslynAnalysisRunner static constructor.
RoslynAnalysisRunner will not be running.
RoslynAnalysisRunner has terminated.
Mono: successfully reloaded assembly
- Completed reload, in  0.945 seconds
Platform modules already initialized, skipping
Refreshing native plugins compatible for Editor in 0.38 ms, found 1 plugins.
Preloading 0 native plugins for Editor in 0.00 ms.
Unloading 1952 Unused Serialized files (Serialized files now loaded: 0)
System memory in use before: 93.7 MB.
System memory in use after: 93.8 MB.

Unloading 9 unused Assets to reduce memory usage. Loaded Objects now: 2566.
Total: 2.402300 ms (FindLiveObjects: 0.231500 ms CreateObjectMapping: 0.080300 ms MarkObjects: 2.070200 ms  DeleteObjects: 0.019100 ms)

========================================================================
Received Prepare
Registering precompiled user dll's ...
Registered in 0.001430 seconds.
Begin MonoManager ReloadAssembly
Native extension for WindowsStandalone target not found
Refreshing native plugins compatible for Editor in 0.34 ms, found 1 plugins.
Preloading 0 native plugins for Editor in 0.00 ms.
Invoked RoslynAnalysisRunner static constructor.
RoslynAnalysisRunner will not be running.
RoslynAnalysisRunner has terminated.
Mono: successfully reloaded assembly
- Completed reload, in  0.928 seconds
Platform modules already initialized, skipping
Refreshing native plugins compatible for Editor in 0.34 ms, found 1 plugins.
Preloading 0 native plugins for Editor in 0.00 ms.
Unloading 1952 Unused Serialized files (Serialized files now loaded: 0)
System memory in use before: 93.7 MB.
System memory in use after: 93.8 MB.

Unloading 9 unused Assets to reduce memory usage. Loaded Objects now: 2569.
Total: 2.013300 ms (FindLiveObjects: 0.215900 ms CreateObjectMapping: 0.087000 ms MarkObjects: 1.692700 ms  DeleteObjects: 0.016500 ms)

========================================================================
Received Import Request.
  Time since last request: 218.364446 seconds.
  path: Assets/Prefabs/BrickWall.prefab
  artifactKey: Guid(999aea8750b383648b2db509aab2d30a) Importer(815301076,1909f56bfc062723c751e8b465ee728b)
Start importing Assets/Prefabs/BrickWall.prefab using Guid(999aea8750b383648b2db509aab2d30a) Importer(815301076,1909f56bfc062723c751e8b465ee728b)  -> (artifact id: 'c11e2a6c674d66d9ea2510c4395bb31d') in 0.051505 seconds
  Import took 0.055361 seconds .

========================================================================
Received Prepare
Registering precompiled user dll's ...
Registered in 0.001403 seconds.
Begin MonoManager ReloadAssembly
Native extension for WindowsStandalone target not found
Refreshing native plugins compatible for Editor in 0.34 ms, found 1 plugins.
Preloading 0 native plugins for Editor in 0.00 ms.
Invoked RoslynAnalysisRunner static constructor.
RoslynAnalysisRunner will not be running.
RoslynAnalysisRunner has terminated.
Mono: successfully reloaded assembly
- Completed reload, in  0.902 seconds
Platform modules already initialized, skipping
Refreshing native plugins compatible for Editor in 0.39 ms, found 1 plugins.
Preloading 0 native plugins for Editor in 0.00 ms.
Unloading 1952 Unused Serialized files (Serialized files now loaded: 0)
System memory in use before: 93.7 MB.
System memory in use after: 93.8 MB.

Unloading 9 unused Assets to reduce memory usage. Loaded Objects now: 2573.
Total: 2.196300 ms (FindLiveObjects: 0.200300 ms CreateObjectMapping: 0.072300 ms MarkObjects: 1.906700 ms  DeleteObjects: 0.015900 ms)

========================================================================
Received Import Request.
  Time since last request: 229.262271 seconds.
  path: Assets/Prefabs/BrickWall.prefab
  artifactKey: Guid(999aea8750b383648b2db509aab2d30a) Importer(815301076,1909f56bfc062723c751e8b465ee728b)
Start importing Assets/Prefabs/BrickWall.prefab using Guid(999aea8750b383648b2db509aab2d30a) Importer(815301076,1909f56bfc062723c751e8b465ee728b)  -> (artifact id: '9ed1f42af1a885e2a105cd87d63b2e29') in 0.051951 seconds
  Import took 0.055931 seconds .

========================================================================
Received Import Request.
  Time since last request: 45.146794 seconds.
  path: Assets/Prefabs/BrickWall.prefab
  artifactKey: Guid(999aea8750b383648b2db509aab2d30a) Importer(815301076,1909f56bfc062723c751e8b465ee728b)
Start importing Assets/Prefabs/BrickWall.prefab using Guid(999aea8750b383648b2db509aab2d30a) Importer(815301076,1909f56bfc062723c751e8b465ee728b)  -> (artifact id: 'ab8d49fe65243d092e485fb5eb437531') in 0.012398 seconds
  Import took 0.017750 seconds .

========================================================================
Received Import Request.
  Time since last request: 42.799955 seconds.
  path: Assets/Prefabs/BrickWall.prefab
  artifactKey: Guid(999aea8750b383648b2db509aab2d30a) Importer(815301076,1909f56bfc062723c751e8b465ee728b)
Start importing Assets/Prefabs/BrickWall.prefab using Guid(999aea8750b383648b2db509aab2d30a) Importer(815301076,1909f56bfc062723c751e8b465ee728b)  -> (artifact id: '00362f4ff21018ba7ad2267d4a198359') in 0.012456 seconds
  Import took 0.017726 seconds .

========================================================================
Received Import Request.
  Time since last request: 53.641363 seconds.
  path: Assets/Prefabs/BrickWall.prefab
  artifactKey: Guid(999aea8750b383648b2db509aab2d30a) Importer(815301076,1909f56bfc062723c751e8b465ee728b)
Start importing Assets/Prefabs/BrickWall.prefab using Guid(999aea8750b383648b2db509aab2d30a) Importer(815301076,1909f56bfc062723c751e8b465ee728b)  -> (artifact id: '598bce2ac936c38f765aae7e56ff15e2') in 0.011572 seconds
  Import took 0.015623 seconds .

========================================================================
Received Import Request.
  Time since last request: 45.112409 seconds.
  path: Assets/Prefabs/BrickWall.prefab
  artifactKey: Guid(999aea8750b383648b2db509aab2d30a) Importer(815301076,1909f56bfc062723c751e8b465ee728b)
Start importing Assets/Prefabs/BrickWall.prefab using Guid(999aea8750b383648b2db509aab2d30a) Importer(815301076,1909f56bfc062723c751e8b465ee728b)  -> (artifact id: '544e9486fb1ae4ae6d0c882d93ab1db7') in 0.012825 seconds
  Import took 0.017350 seconds .

========================================================================
Received Import Request.
  Time since last request: 0.001139 seconds.
  path: Assets/Prefabs/BrickWall.prefab
  artifactKey: Guid(999aea8750b383648b2db509aab2d30a) Importer(815301076,1909f56bfc062723c751e8b465ee728b)
Start importing Assets/Prefabs/BrickWall.prefab using Guid(999aea8750b383648b2db509aab2d30a) Importer(815301076,1909f56bfc062723c751e8b465ee728b)  -> (artifact id: '544e9486fb1ae4ae6d0c882d93ab1db7') in 0.010593 seconds
  Import took 0.014790 seconds .

========================================================================
Received Prepare
Registering precompiled user dll's ...
Registered in 0.001461 seconds.
Begin MonoManager ReloadAssembly
Native extension for WindowsStandalone target not found
Refreshing native plugins compatible for Editor in 0.39 ms, found 1 plugins.
Preloading 0 native plugins for Editor in 0.00 ms.
Invoked RoslynAnalysisRunner static constructor.
RoslynAnalysisRunner will not be running.
RoslynAnalysisRunner has terminated.
Mono: successfully reloaded assembly
- Completed reload, in  0.937 seconds
Platform modules already initialized, skipping
Refreshing native plugins compatible for Editor in 0.33 ms, found 1 plugins.
Preloading 0 native plugins for Editor in 0.00 ms.
Unloading 1952 Unused Serialized files (Serialized files now loaded: 0)
System memory in use before: 93.7 MB.
System memory in use after: 93.8 MB.

Unloading 9 unused Assets to reduce memory usage. Loaded Objects now: 2577.
Total: 2.751800 ms (FindLiveObjects: 0.211700 ms CreateObjectMapping: 0.107100 ms MarkObjects: 2.411400 ms  DeleteObjects: 0.020500 ms)

========================================================================
Received Import Request.
  Time since last request: 177.826588 seconds.
  path: Assets/Prefabs/Player Variant.prefab
  artifactKey: Guid(3edd4783a8ae6d04cad6582d9edcb679) Importer(815301076,1909f56bfc062723c751e8b465ee728b)
Start importing Assets/Prefabs/Player Variant.prefab using Guid(3edd4783a8ae6d04cad6582d9edcb679) Importer(815301076,1909f56bfc062723c751e8b465ee728b)  -> (artifact id: '719202fd1298ac6b3c8ef9d51491f6c8') in 0.069108 seconds
  Import took 0.073436 seconds .

========================================================================
Received Prepare
Registering precompiled user dll's ...
Registered in 0.001739 seconds.
Begin MonoManager ReloadAssembly
Native extension for WindowsStandalone target not found
Refreshing native plugins compatible for Editor in 0.37 ms, found 1 plugins.
Preloading 0 native plugins for Editor in 0.00 ms.
Invoked RoslynAnalysisRunner static constructor.
RoslynAnalysisRunner will not be running.
RoslynAnalysisRunner has terminated.
Mono: successfully reloaded assembly
- Completed reload, in  0.991 seconds
Platform modules already initialized, skipping
Refreshing native plugins compatible for Editor in 0.39 ms, found 1 plugins.
Preloading 0 native plugins for Editor in 0.00 ms.
Unloading 1952 Unused Serialized files (Serialized files now loaded: 0)
System memory in use before: 93.7 MB.
System memory in use after: 93.9 MB.

Unloading 9 unused Assets to reduce memory usage. Loaded Objects now: 2581.
Total: 2.570500 ms (FindLiveObjects: 0.342300 ms CreateObjectMapping: 0.107700 ms MarkObjects: 2.099700 ms  DeleteObjects: 0.019700 ms)

========================================================================
Received Prepare
Registering precompiled user dll's ...
Registered in 0.001530 seconds.
Begin MonoManager ReloadAssembly
Native extension for WindowsStandalone target not found
Refreshing native plugins compatible for Editor in 0.38 ms, found 1 plugins.
Preloading 0 native plugins for Editor in 0.00 ms.
Invoked RoslynAnalysisRunner static constructor.
RoslynAnalysisRunner will not be running.
RoslynAnalysisRunner has terminated.
Mono: successfully reloaded assembly
- Completed reload, in  1.057 seconds
Platform modules already initialized, skipping
Refreshing native plugins compatible for Editor in 0.37 ms, found 1 plugins.
Preloading 0 native plugins for Editor in 0.00 ms.
Unloading 1952 Unused Serialized files (Serialized files now loaded: 0)
System memory in use before: 93.8 MB.
System memory in use after: 93.9 MB.

Unloading 9 unused Assets to reduce memory usage. Loaded Objects now: 2584.
Total: 2.089500 ms (FindLiveObjects: 0.316900 ms CreateObjectMapping: 0.084800 ms MarkObjects: 1.669500 ms  DeleteObjects: 0.017000 ms)

========================================================================
Received Import Request.
  Time since last request: 84.506730 seconds.
  path: Assets/Prefabs/Player Variant.prefab
  artifactKey: Guid(3edd4783a8ae6d04cad6582d9edcb679) Importer(815301076,1909f56bfc062723c751e8b465ee728b)
Start importing Assets/Prefabs/Player Variant.prefab using Guid(3edd4783a8ae6d04cad6582d9edcb679) Importer(815301076,1909f56bfc062723c751e8b465ee728b)  -> (artifact id: 'c8bc64668c36b60fd76d081283b92ead') in 0.071656 seconds
  Import took 0.076896 seconds .

========================================================================
Received Import Request.
  Time since last request: 7.173888 seconds.
  path: Assets/Prefabs/Player Variant.prefab
  artifactKey: Guid(3edd4783a8ae6d04cad6582d9edcb679) Importer(815301076,1909f56bfc062723c751e8b465ee728b)
Start importing Assets/Prefabs/Player Variant.prefab using Guid(3edd4783a8ae6d04cad6582d9edcb679) Importer(815301076,1909f56bfc062723c751e8b465ee728b)  -> (artifact id: '8d93edd9b480b4da0198b22550bdce52') in 0.017420 seconds
  Import took 0.021885 seconds .

========================================================================
Received Import Request.
  Time since last request: 7.042974 seconds.
  path: Assets/Prefabs/Player Variant.prefab
  artifactKey: Guid(3edd4783a8ae6d04cad6582d9edcb679) Importer(815301076,1909f56bfc062723c751e8b465ee728b)
Start importing Assets/Prefabs/Player Variant.prefab using Guid(3edd4783a8ae6d04cad6582d9edcb679) Importer(815301076,1909f56bfc062723c751e8b465ee728b)  -> (artifact id: 'c600ffc81f264394ed8df8f1b1afa3ab') in 0.019228 seconds
  Import took 0.025215 seconds .

========================================================================
Received Import Request.
  Time since last request: 17.129643 seconds.
  path: Assets/Prefabs/Player Variant.prefab
  artifactKey: Guid(3edd4783a8ae6d04cad6582d9edcb679) Importer(815301076,1909f56bfc062723c751e8b465ee728b)
Start importing Assets/Prefabs/Player Variant.prefab using Guid(3edd4783a8ae6d04cad6582d9edcb679) Importer(815301076,1909f56bfc062723c751e8b465ee728b)  -> (artifact id: '1dfbee2e0243127c9c40734150f67669') in 0.018933 seconds
  Import took 0.023594 seconds .

========================================================================
Received Import Request.
  Time since last request: 2.184235 seconds.
  path: Assets/Prefabs/Player Variant.prefab
  artifactKey: Guid(3edd4783a8ae6d04cad6582d9edcb679) Importer(815301076,1909f56bfc062723c751e8b465ee728b)
Start importing Assets/Prefabs/Player Variant.prefab using Guid(3edd4783a8ae6d04cad6582d9edcb679) Importer(815301076,1909f56bfc062723c751e8b465ee728b)  -> (artifact id: 'd2eccd6e315b43523a7525d31b9c4777') in 0.019826 seconds
  Import took 0.025372 seconds .

========================================================================
Received Import Request.
  Time since last request: 9.671739 seconds.
  path: Assets/Prefabs/Player Variant.prefab
  artifactKey: Guid(3edd4783a8ae6d04cad6582d9edcb679) Importer(815301076,1909f56bfc062723c751e8b465ee728b)
Start importing Assets/Prefabs/Player Variant.prefab using Guid(3edd4783a8ae6d04cad6582d9edcb679) Importer(815301076,1909f56bfc062723c751e8b465ee728b)  -> (artifact id: '8e6294857026b4b1f70f480a2f650f70') in 0.017823 seconds
  Import took 0.023482 seconds .

========================================================================
Received Prepare
Registering precompiled user dll's ...
Registered in 0.001776 seconds.
Begin MonoManager ReloadAssembly
Native extension for WindowsStandalone target not found
Refreshing native plugins compatible for Editor in 0.46 ms, found 1 plugins.
Preloading 0 native plugins for Editor in 0.00 ms.
Invoked RoslynAnalysisRunner static constructor.
RoslynAnalysisRunner will not be running.
RoslynAnalysisRunner has terminated.
Mono: successfully reloaded assembly
- Completed reload, in  1.011 seconds
Platform modules already initialized, skipping
Refreshing native plugins compatible for Editor in 0.37 ms, found 1 plugins.
Preloading 0 native plugins for Editor in 0.00 ms.
Unloading 1952 Unused Serialized files (Serialized files now loaded: 0)
System memory in use before: 93.7 MB.
System memory in use after: 93.8 MB.

Unloading 9 unused Assets to reduce memory usage. Loaded Objects now: 2588.
Total: 2.455300 ms (FindLiveObjects: 0.292900 ms CreateObjectMapping: 0.091300 ms MarkObjects: 2.051700 ms  DeleteObjects: 0.018200 ms)

========================================================================
Received Import Request.
  Time since last request: 42.336381 seconds.
  path: Assets/Prefabs/Player Variant.prefab
  artifactKey: Guid(3edd4783a8ae6d04cad6582d9edcb679) Importer(815301076,1909f56bfc062723c751e8b465ee728b)
Start importing Assets/Prefabs/Player Variant.prefab using Guid(3edd4783a8ae6d04cad6582d9edcb679) Importer(815301076,1909f56bfc062723c751e8b465ee728b)  -> (artifact id: '5556a4fc1174f60a67c8b5aeff4c2c80') in 0.058678 seconds
  Import took 0.063270 seconds .

========================================================================
Received Import Request.
  Time since last request: 38.809368 seconds.
  path: Assets/Prefabs/Patrolling Enemy.prefab
  artifactKey: Guid(33b42eb720d66874dbf7f791119639c6) Importer(815301076,1909f56bfc062723c751e8b465ee728b)
Start importing Assets/Prefabs/Patrolling Enemy.prefab using Guid(33b42eb720d66874dbf7f791119639c6) Importer(815301076,1909f56bfc062723c751e8b465ee728b)  -> (artifact id: '4fb854b0dddf7afb5db02fb0eff97216') in 0.012805 seconds
  Import took 0.016837 seconds .

========================================================================
Received Prepare
Registering precompiled user dll's ...
Registered in 0.001642 seconds.
Begin MonoManager ReloadAssembly
Native extension for WindowsStandalone target not found
Refreshing native plugins compatible for Editor in 0.35 ms, found 1 plugins.
Preloading 0 native plugins for Editor in 0.00 ms.
Invoked RoslynAnalysisRunner static constructor.
RoslynAnalysisRunner will not be running.
RoslynAnalysisRunner has terminated.
Mono: successfully reloaded assembly
- Completed reload, in  0.961 seconds
Platform modules already initialized, skipping
Refreshing native plugins compatible for Editor in 0.36 ms, found 1 plugins.
Preloading 0 native plugins for Editor in 0.00 ms.
Unloading 1952 Unused Serialized files (Serialized files now loaded: 0)
System memory in use before: 93.7 MB.
System memory in use after: 93.9 MB.

Unloading 9 unused Assets to reduce memory usage. Loaded Objects now: 2592.
Total: 2.357800 ms (FindLiveObjects: 0.205400 ms CreateObjectMapping: 0.086500 ms MarkObjects: 2.047300 ms  DeleteObjects: 0.017300 ms)

========================================================================
Received Import Request.
  Time since last request: 42.218992 seconds.
  path: Assets/Prefabs/AmmoPickup.prefab
  artifactKey: Guid(a7b75149b4c2e944c989dcd2b6f28130) Importer(815301076,1909f56bfc062723c751e8b465ee728b)
Start importing Assets/Prefabs/AmmoPickup.prefab using Guid(a7b75149b4c2e944c989dcd2b6f28130) Importer(815301076,1909f56bfc062723c751e8b465ee728b)  -> (artifact id: '2882e4d3c22ae0879ebe127ef4401492') in 0.055785 seconds
  Import took 0.059770 seconds .

========================================================================
Received Prepare
Registering precompiled user dll's ...
Registered in 0.001612 seconds.
Begin MonoManager ReloadAssembly
Native extension for WindowsStandalone target not found
Refreshing native plugins compatible for Editor in 0.70 ms, found 1 plugins.
Preloading 0 native plugins for Editor in 0.00 ms.
Invoked RoslynAnalysisRunner static constructor.
RoslynAnalysisRunner will not be running.
RoslynAnalysisRunner has terminated.
Mono: successfully reloaded assembly
- Completed reload, in  0.911 seconds
Platform modules already initialized, skipping
Refreshing native plugins compatible for Editor in 0.35 ms, found 1 plugins.
Preloading 0 native plugins for Editor in 0.00 ms.
Unloading 1952 Unused Serialized files (Serialized files now loaded: 0)
System memory in use before: 93.8 MB.
System memory in use after: 93.9 MB.

Unloading 9 unused Assets to reduce memory usage. Loaded Objects now: 2596.
Total: 2.356600 ms (FindLiveObjects: 0.212300 ms CreateObjectMapping: 0.085600 ms MarkObjects: 2.041900 ms  DeleteObjects: 0.015800 ms)

AssetImportWorkerClient::OnTransportError - code=2 error=End of file
