Using pre-set license
Built from '2020.3/staging' branch; Version is '2020.3.0f1 (c7b5465681fb) revision 13088070'; Using compiler version '192528614'; Build Type 'Release'
OS: 'Windows 10 Pro; OS build 19042.928; Version 2009; 64bit' Language: 'en' Physical Memory: 16108 MB
BatchMode: 1, IsHumanControllingUs: 0, StartBugReporterOnCrash: 0, Is64bit: 1, IsPro: 0

 COMMAND LINE ARGUMENTS:
C:\Program Files\Unity\Hub\Editor\2020.3.0f1\Editor\Unity.exe
-adb2
-batchMode
-noUpm
-name
AssetImportWorker0
-projectPath
C:/Users/Noahj/OneDrive/Documents/School_Programs/GitHub/COEN-Project/COEN-Project
-logFile
Logs/AssetImportWorker0.log
-srvPort
53050
Successfully changed project path to: C:/Users/Noahj/OneDrive/Documents/School_Programs/GitHub/COEN-Project/COEN-Project
C:/Users/Noahj/OneDrive/Documents/School_Programs/GitHub/COEN-Project/COEN-Project
Using Asset Import Pipeline V2.
Refreshing native plugins compatible for Editor in 39.50 ms, found 1 plugins.
Preloading 0 native plugins for Editor in 0.00 ms.
Initialize engine version: 2020.3.0f1 (c7b5465681fb)
[Subsystems] Discovering subsystems at path C:/Program Files/Unity/Hub/Editor/2020.3.0f1/Editor/Data/Resources/UnitySubsystems
[Subsystems] Discovering subsystems at path C:/Users/Noahj/OneDrive/Documents/School_Programs/GitHub/COEN-Project/COEN-Project/Assets
GfxDevice: creating device client; threaded=0
Direct3D:
    Version:  Direct3D 11.0 [level 11.1]
    Renderer: NVIDIA GeForce GTX 1050 Ti with Max-Q Design (ID=0x1c8c)
    Vendor:   
    VRAM:     4021 MB
    Driver:   27.21.14.6109
Initialize mono
Mono path[0] = 'C:/Program Files/Unity/Hub/Editor/2020.3.0f1/Editor/Data/Managed'
Mono path[1] = 'C:/Program Files/Unity/Hub/Editor/2020.3.0f1/Editor/Data/MonoBleedingEdge/lib/mono/unityjit'
Mono config path = 'C:/Program Files/Unity/Hub/Editor/2020.3.0f1/Editor/Data/MonoBleedingEdge/etc'
Using monoOptions --debugger-agent=transport=dt_socket,embedding=1,server=y,suspend=n,address=127.0.0.1:56664
Begin MonoManager ReloadAssembly
Registering precompiled unity dll's ...
Register platform support module: C:/Program Files/Unity/Hub/Editor/2020.3.0f1/Editor/Data/PlaybackEngines/WindowsStandaloneSupport/UnityEditor.WindowsStandalone.Extensions.dll
Registered in 0.002533 seconds.
Native extension for WindowsStandalone target not found
Refreshing native plugins compatible for Editor in 37.07 ms, found 1 plugins.
Preloading 0 native plugins for Editor in 0.00 ms.
Invoked RoslynAnalysisRunner static constructor.
RoslynAnalysisRunner will not be running.
RoslynAnalysisRunner has terminated.
Mono: successfully reloaded assembly
- Completed reload, in  1.214 seconds
Platform modules already initialized, skipping
Registering precompiled user dll's ...
Registered in 0.001450 seconds.
Begin MonoManager ReloadAssembly
Native extension for WindowsStandalone target not found
Refreshing native plugins compatible for Editor in 37.58 ms, found 1 plugins.
Preloading 0 native plugins for Editor in 0.00 ms.
Invoked RoslynAnalysisRunner static constructor.
RoslynAnalysisRunner will not be running.
RoslynAnalysisRunner has terminated.
Mono: successfully reloaded assembly
- Completed reload, in  0.975 seconds
Platform modules already initialized, skipping
========================================================================
Worker process is ready to serve import requests
Launched and connected shader compiler UnityShaderCompiler.exe after 0.06 seconds
Refreshing native plugins compatible for Editor in 0.36 ms, found 1 plugins.
Preloading 0 native plugins for Editor in 0.00 ms.
Unloading 1963 Unused Serialized files (Serialized files now loaded: 0)
System memory in use before: 90.7 MB.
System memory in use after: 90.8 MB.

Unloading 20 unused Assets to reduce memory usage. Loaded Objects now: 2412.
Total: 2.381200 ms (FindLiveObjects: 0.258300 ms CreateObjectMapping: 0.090000 ms MarkObjects: 1.970600 ms  DeleteObjects: 0.061300 ms)

========================================================================
Received Import Request.
  path: Assets/Scenes/TutorialLevel.unity
  artifactKey: Guid(c280d506ecd308a4599a8c438fbcaff7) Importer(815301076,1909f56bfc062723c751e8b465ee728b)
Start importing Assets/Scenes/TutorialLevel.unity using Guid(c280d506ecd308a4599a8c438fbcaff7) Importer(815301076,1909f56bfc062723c751e8b465ee728b)  -> (artifact id: 'b6722943264e598ac1421cd5c51fe6d3') in 0.011964 seconds
  Import took 0.016713 seconds .

========================================================================
Received Import Request.
  Time since last request: 44.613936 seconds.
  path: Assets/Scenes/Mario1-1.unity
  artifactKey: Guid(850740a437910ae4c9073e1a428ff089) Importer(815301076,1909f56bfc062723c751e8b465ee728b)
Start importing Assets/Scenes/Mario1-1.unity using Guid(850740a437910ae4c9073e1a428ff089) Importer(815301076,1909f56bfc062723c751e8b465ee728b)  -> (artifact id: '0757291be3a9337f5e95bc33266cb797') in 0.005857 seconds
  Import took 0.012791 seconds .

========================================================================
Received Prepare
Registering precompiled user dll's ...
Registered in 0.001606 seconds.
Begin MonoManager ReloadAssembly
Native extension for WindowsStandalone target not found
Refreshing native plugins compatible for Editor in 0.36 ms, found 1 plugins.
Preloading 0 native plugins for Editor in 0.00 ms.
Invoked RoslynAnalysisRunner static constructor.
RoslynAnalysisRunner will not be running.
RoslynAnalysisRunner has terminated.
Mono: successfully reloaded assembly
- Completed reload, in  1.009 seconds
Platform modules already initialized, skipping
Refreshing native plugins compatible for Editor in 0.34 ms, found 1 plugins.
Preloading 0 native plugins for Editor in 0.00 ms.
Unloading 1952 Unused Serialized files (Serialized files now loaded: 0)
System memory in use before: 90.3 MB.
System memory in use after: 90.4 MB.

Unloading 9 unused Assets to reduce memory usage. Loaded Objects now: 2415.
Total: 2.257100 ms (FindLiveObjects: 0.197300 ms CreateObjectMapping: 0.082700 ms MarkObjects: 1.959000 ms  DeleteObjects: 0.017200 ms)

========================================================================
Received Prepare
Registering precompiled user dll's ...
Registered in 0.001433 seconds.
Begin MonoManager ReloadAssembly
Native extension for WindowsStandalone target not found
Refreshing native plugins compatible for Editor in 0.37 ms, found 1 plugins.
Preloading 0 native plugins for Editor in 0.00 ms.
Invoked RoslynAnalysisRunner static constructor.
RoslynAnalysisRunner will not be running.
RoslynAnalysisRunner has terminated.
Mono: successfully reloaded assembly
- Completed reload, in  0.905 seconds
Platform modules already initialized, skipping
Refreshing native plugins compatible for Editor in 0.40 ms, found 1 plugins.
Preloading 0 native plugins for Editor in 0.00 ms.
Unloading 1952 Unused Serialized files (Serialized files now loaded: 0)
System memory in use before: 90.3 MB.
System memory in use after: 90.4 MB.

Unloading 9 unused Assets to reduce memory usage. Loaded Objects now: 2418.
Total: 1.851900 ms (FindLiveObjects: 0.171000 ms CreateObjectMapping: 0.065900 ms MarkObjects: 1.599000 ms  DeleteObjects: 0.015000 ms)

========================================================================
Received Prepare
Registering precompiled user dll's ...
Registered in 0.001786 seconds.
Begin MonoManager ReloadAssembly
Native extension for WindowsStandalone target not found
Refreshing native plugins compatible for Editor in 0.38 ms, found 1 plugins.
Preloading 0 native plugins for Editor in 0.00 ms.
Invoked RoslynAnalysisRunner static constructor.
RoslynAnalysisRunner will not be running.
RoslynAnalysisRunner has terminated.
Mono: successfully reloaded assembly
- Completed reload, in  0.968 seconds
Platform modules already initialized, skipping
Refreshing native plugins compatible for Editor in 0.35 ms, found 1 plugins.
Preloading 0 native plugins for Editor in 0.00 ms.
Unloading 1952 Unused Serialized files (Serialized files now loaded: 0)
System memory in use before: 90.4 MB.
System memory in use after: 90.5 MB.

Unloading 9 unused Assets to reduce memory usage. Loaded Objects now: 2421.
Total: 2.049700 ms (FindLiveObjects: 0.193800 ms CreateObjectMapping: 0.081500 ms MarkObjects: 1.756900 ms  DeleteObjects: 0.016000 ms)

========================================================================
Received Import Request.
  Time since last request: 187.032170 seconds.
  path: Assets/Scenes/Level1.unity
  artifactKey: Guid(f03206e53b467fe47b9dbb094b9ebd81) Importer(815301076,1909f56bfc062723c751e8b465ee728b)
Start importing Assets/Scenes/Level1.unity using Guid(f03206e53b467fe47b9dbb094b9ebd81) Importer(815301076,1909f56bfc062723c751e8b465ee728b)  -> (artifact id: 'e2702fad01635fff5edeb9dec63f5001') in 0.013841 seconds
  Import took 0.019350 seconds .

========================================================================
Received Import Request.
  Time since last request: 7.278383 seconds.
  path: Assets/Scenes/Mario1-1.unity
  artifactKey: Guid(850740a437910ae4c9073e1a428ff089) Importer(815301076,1909f56bfc062723c751e8b465ee728b)
Start importing Assets/Scenes/Mario1-1.unity using Guid(850740a437910ae4c9073e1a428ff089) Importer(815301076,1909f56bfc062723c751e8b465ee728b)  -> (artifact id: '7853000fd70d06ad67e14581b71eafb4') in 0.004783 seconds
  Import took 0.010549 seconds .

========================================================================
Received Import Request.
  Time since last request: 4.648259 seconds.
  path: Assets/Scenes/Level2.unity
  artifactKey: Guid(adbb8fe2b07978f42aa020e7dd0da151) Importer(815301076,1909f56bfc062723c751e8b465ee728b)
Start importing Assets/Scenes/Level2.unity using Guid(adbb8fe2b07978f42aa020e7dd0da151) Importer(815301076,1909f56bfc062723c751e8b465ee728b)  -> (artifact id: 'a3c42925210d685392889f0e99cf8c45') in 0.005873 seconds
  Import took 0.013205 seconds .

========================================================================
Received Import Request.
  Time since last request: 7.199496 seconds.
  path: Assets/Scenes/Parkour.unity
  artifactKey: Guid(89907a7fab0d00d41914db614f7315c3) Importer(815301076,1909f56bfc062723c751e8b465ee728b)
Start importing Assets/Scenes/Parkour.unity using Guid(89907a7fab0d00d41914db614f7315c3) Importer(815301076,1909f56bfc062723c751e8b465ee728b)  -> (artifact id: 'db326e88dae6eda6124310aa9ff0755f') in 0.004848 seconds
  Import took 0.010134 seconds .

========================================================================
Received Import Request.
  Time since last request: 4.979750 seconds.
  path: Assets/Scenes/EndLevel.unity
  artifactKey: Guid(9f81e7dd76519894d9084b23d55f0bac) Importer(815301076,1909f56bfc062723c751e8b465ee728b)
Start importing Assets/Scenes/EndLevel.unity using Guid(9f81e7dd76519894d9084b23d55f0bac) Importer(815301076,1909f56bfc062723c751e8b465ee728b)  -> (artifact id: 'c719a2b19703738ef48c3e9b7b1080c0') in 0.004560 seconds
  Import took 0.009723 seconds .

AssetImportWorkerClient::OnTransportError - code=2 error=End of file
